{
"contracts/Complex.sol":{"l":{"33":0,"34":0,"36":0,"48":0,"49":0,"51":0,"63":0,"64":0,"65":0,"66":0,"68":0,"69":0,"71":0,"72":0,"74":0,"86":0,"87":0,"88":0,"90":0,"91":0,"93":0,"103":0,"104":0,"105":0,"117":0,"119":0,"121":0,"122":0,"126":0,"127":0,"140":0,"141":0,"142":0,"145":0,"147":0,"157":0,"158":0,"159":0,"161":0,"162":0,"163":0,"166":0,"167":0,"169":0,"170":0,"173":0,"183":0,"184":0,"185":0,"187":0,"188":0,"189":0,"192":0,"193":0,"195":0,"196":0,"199":0,"208":0,"209":0,"219":0,"221":0,"223":0,"224":0,"226":0,"238":0,"240":0,"242":0,"249":0,"251":0,"252":0,"256":0,"263":0,"264":0,"265":0,"268":0,"273":0,"274":0,"276":0,"287":0,"288":0,"290":0,"304":0,"307":0,"308":0,"310":0,"311":0,"313":0},"path":"/home/szabo/Desktop/num_complex_solidity/contracts/Complex.sol","s":{"1":0,"2":0,"3":0,"4":0,"5":0,"6":0,"7":0,"8":0,"9":0,"10":0,"11":0,"12":0,"13":0,"14":0,"15":0,"16":0,"17":0,"18":0,"19":0,"20":0,"21":0,"22":0,"23":0,"24":0,"25":0,"26":0,"27":0,"28":0,"29":0,"30":0,"31":0,"32":0,"33":0,"34":0,"35":0,"36":0,"37":0,"38":0,"39":0,"40":0,"41":0,"42":0,"43":0,"44":0,"45":0,"46":0,"47":0,"48":0,"49":0,"50":0,"51":0,"52":0,"53":0,"54":0,"55":0,"56":0,"57":0,"58":0,"59":0,"60":0,"61":0,"62":0,"63":0,"64":0,"65":0,"66":0,"67":0,"68":0,"69":0,"70":0,"71":0,"72":0,"73":0,"74":0,"75":0,"76":0,"77":0,"78":0,"79":0,"80":0,"81":0,"82":0,"83":0,"84":0,"85":0,"86":0,"87":0,"88":0},"b":{"1":[0,0],"2":[0,0],"3":[0,0],"4":[0,0],"5":[0,0],"6":[0,0],"7":[0,0],"8":[0,0],"9":[0,0],"10":[0,0],"11":[0,0]},"f":{"1":0,"2":0,"3":0,"4":0,"5":0,"6":0,"7":0,"8":0,"9":0,"10":0,"11":0,"12":0,"13":0,"14":0},"fnMap":{"1":{"name":"add","line":32,"loc":{"start":{"line":32,"column":4},"end":{"line":37,"column":4}}},"2":{"name":"sub","line":47,"loc":{"start":{"line":47,"column":4},"end":{"line":52,"column":4}}},"3":{"name":"mul","line":62,"loc":{"start":{"line":62,"column":4},"end":{"line":75,"column":4}}},"4":{"name":"div","line":85,"loc":{"start":{"line":85,"column":4},"end":{"line":94,"column":4}}},"5":{"name":"r2","line":102,"loc":{"start":{"line":102,"column":4},"end":{"line":106,"column":4}}},"6":{"name":"toPolar","line":116,"loc":{"start":{"line":116,"column":4},"end":{"line":129,"column":4}}},"7":{"name":"fromPolar","line":138,"loc":{"start":{"line":138,"column":4},"end":{"line":149,"column":4}}},"8":{"name":"atan2","line":156,"loc":{"start":{"line":156,"column":4},"end":{"line":175,"column":4}}},"9":{"name":"p_atan2","line":182,"loc":{"start":{"line":182,"column":4},"end":{"line":201,"column":4}}},"10":{"name":"atan1to1","line":207,"loc":{"start":{"line":207,"column":4},"end":{"line":210,"column":4}}},"11":{"name":"complexLN","line":218,"loc":{"start":{"line":218,"column":4},"end":{"line":227,"column":4}}},"12":{"name":"complexSQRT","line":236,"loc":{"start":{"line":236,"column":4},"end":{"line":277,"column":4}}},"13":{"name":"complexEXP","line":286,"loc":{"start":{"line":286,"column":4},"end":{"line":291,"column":4}}},"14":{"name":"complexPOW","line":302,"loc":{"start":{"line":302,"column":4},"end":{"line":314,"column":4}}}},"statementMap":{"1":{"start":{"line":33,"column":8},"end":{"line":33,"column":16}},"2":{"start":{"line":34,"column":8},"end":{"line":34,"column":16}},"3":{"start":{"line":36,"column":8},"end":{"line":36,"column":22}},"4":{"start":{"line":48,"column":8},"end":{"line":48,"column":16}},"5":{"start":{"line":49,"column":8},"end":{"line":49,"column":16}},"6":{"start":{"line":51,"column":8},"end":{"line":51,"column":22}},"7":{"start":{"line":63,"column":8},"end":{"line":63,"column":24}},"8":{"start":{"line":64,"column":8},"end":{"line":64,"column":24}},"9":{"start":{"line":65,"column":8},"end":{"line":65,"column":24}},"10":{"start":{"line":66,"column":8},"end":{"line":66,"column":24}},"11":{"start":{"line":68,"column":8},"end":{"line":68,"column":15}},"12":{"start":{"line":69,"column":8},"end":{"line":69,"column":15}},"13":{"start":{"line":71,"column":8},"end":{"line":71,"column":17}},"14":{"start":{"line":72,"column":8},"end":{"line":72,"column":17}},"15":{"start":{"line":74,"column":8},"end":{"line":74,"column":22}},"16":{"start":{"line":86,"column":8},"end":{"line":86,"column":38}},"17":{"start":{"line":87,"column":8},"end":{"line":87,"column":33}},"18":{"start":{"line":88,"column":8},"end":{"line":88,"column":38}},"19":{"start":{"line":90,"column":8},"end":{"line":90,"column":31}},"20":{"start":{"line":91,"column":8},"end":{"line":91,"column":31}},"21":{"start":{"line":93,"column":8},"end":{"line":93,"column":22}},"22":{"start":{"line":103,"column":8},"end":{"line":103,"column":19}},"23":{"start":{"line":104,"column":8},"end":{"line":104,"column":19}},"24":{"start":{"line":105,"column":8},"end":{"line":105,"column":27}},"25":{"start":{"line":117,"column":8},"end":{"line":117,"column":25}},"26":{"start":{"line":119,"column":8},"end":{"line":119,"column":2974}},"27":{"start":{"line":121,"column":12},"end":{"line":121,"column":34}},"28":{"start":{"line":122,"column":12},"end":{"line":122,"column":24}},"29":{"start":{"line":126,"column":12},"end":{"line":126,"column":43}},"30":{"start":{"line":127,"column":12},"end":{"line":127,"column":24}},"31":{"start":{"line":140,"column":8},"end":{"line":140,"column":3616}},"32":{"start":{"line":141,"column":12},"end":{"line":141,"column":54}},"33":{"start":{"line":142,"column":12},"end":{"line":142,"column":54}},"34":{"start":{"line":145,"column":12},"end":{"line":145,"column":54}},"35":{"start":{"line":147,"column":12},"end":{"line":147,"column":60}},"36":{"start":{"line":157,"column":8},"end":{"line":157,"column":38}},"37":{"start":{"line":158,"column":8},"end":{"line":158,"column":21}},"38":{"start":{"line":159,"column":8},"end":{"line":159,"column":33}},"39":{"start":{"line":161,"column":8},"end":{"line":161,"column":4269}},"40":{"start":{"line":162,"column":12},"end":{"line":162,"column":52}},"41":{"start":{"line":163,"column":12},"end":{"line":163,"column":42}},"42":{"start":{"line":166,"column":12},"end":{"line":166,"column":52}},"43":{"start":{"line":167,"column":12},"end":{"line":167,"column":42}},"44":{"start":{"line":169,"column":8},"end":{"line":169,"column":4525}},"45":{"start":{"line":170,"column":12},"end":{"line":170,"column":21}},"46":{"start":{"line":173,"column":12},"end":{"line":173,"column":20}},"47":{"start":{"line":183,"column":8},"end":{"line":183,"column":38}},"48":{"start":{"line":184,"column":8},"end":{"line":184,"column":21}},"49":{"start":{"line":185,"column":8},"end":{"line":185,"column":33}},"50":{"start":{"line":187,"column":8},"end":{"line":187,"column":4917}},"51":{"start":{"line":188,"column":12},"end":{"line":188,"column":52}},"52":{"start":{"line":189,"column":12},"end":{"line":189,"column":66}},"53":{"start":{"line":192,"column":12},"end":{"line":192,"column":52}},"54":{"start":{"line":193,"column":12},"end":{"line":193,"column":66}},"55":{"start":{"line":195,"column":8},"end":{"line":195,"column":5219}},"56":{"start":{"line":196,"column":12},"end":{"line":196,"column":21}},"57":{"start":{"line":199,"column":12},"end":{"line":199,"column":20}},"58":{"start":{"line":208,"column":8},"end":{"line":208,"column":107}},"59":{"start":{"line":209,"column":8},"end":{"line":209,"column":16}},"60":{"start":{"line":219,"column":8},"end":{"line":219,"column":13}},"61":{"start":{"line":221,"column":8},"end":{"line":221,"column":31}},"62":{"start":{"line":223,"column":8},"end":{"line":223,"column":19}},"63":{"start":{"line":224,"column":8},"end":{"line":224,"column":13}},"64":{"start":{"line":226,"column":8},"end":{"line":226,"column":22}},"65":{"start":{"line":238,"column":8},"end":{"line":238,"column":6262}},"66":{"start":{"line":240,"column":12},"end":{"line":240,"column":6328}},"67":{"start":{"line":242,"column":16},"end":{"line":242,"column":29}},"68":{"start":{"line":249,"column":16},"end":{"line":249,"column":30}},"69":{"start":{"line":251,"column":16},"end":{"line":251,"column":6754}},"70":{"start":{"line":252,"column":20},"end":{"line":252,"column":25}},"71":{"start":{"line":256,"column":20},"end":{"line":256,"column":27}},"72":{"start":{"line":260,"column":13},"end":{"line":260,"column":6962}},"73":{"start":{"line":263,"column":12},"end":{"line":263,"column":37}},"74":{"start":{"line":264,"column":12},"end":{"line":264,"column":7158}},"75":{"start":{"line":265,"column":16},"end":{"line":265,"column":22}},"76":{"start":{"line":268,"column":16},"end":{"line":268,"column":23}},"77":{"start":{"line":273,"column":12},"end":{"line":273,"column":43}},"78":{"start":{"line":274,"column":12},"end":{"line":274,"column":45}},"79":{"start":{"line":276,"column":8},"end":{"line":276,"column":23}},"80":{"start":{"line":287,"column":8},"end":{"line":287,"column":24}},"81":{"start":{"line":288,"column":8},"end":{"line":288,"column":33}},"82":{"start":{"line":290,"column":8},"end":{"line":290,"column":22}},"83":{"start":{"line":304,"column":8},"end":{"line":304,"column":43}},"84":{"start":{"line":307,"column":8},"end":{"line":307,"column":27}},"85":{"start":{"line":308,"column":8},"end":{"line":308,"column":37}},"86":{"start":{"line":310,"column":8},"end":{"line":310,"column":56}},"87":{"start":{"line":311,"column":8},"end":{"line":311,"column":56}},"88":{"start":{"line":313,"column":8},"end":{"line":313,"column":22}}},"branchMap":{"1":{"line":119,"type":"if","locations":[{"start":{"line":119,"column":8},"end":{"line":119,"column":8}},{"start":{"line":119,"column":8},"end":{"line":119,"column":8}}]},"2":{"line":140,"type":"if","locations":[{"start":{"line":140,"column":8},"end":{"line":140,"column":8}},{"start":{"line":140,"column":8},"end":{"line":140,"column":8}}]},"3":{"line":161,"type":"if","locations":[{"start":{"line":161,"column":8},"end":{"line":161,"column":8}},{"start":{"line":161,"column":8},"end":{"line":161,"column":8}}]},"4":{"line":169,"type":"if","locations":[{"start":{"line":169,"column":8},"end":{"line":169,"column":8}},{"start":{"line":169,"column":8},"end":{"line":169,"column":8}}]},"5":{"line":187,"type":"if","locations":[{"start":{"line":187,"column":8},"end":{"line":187,"column":8}},{"start":{"line":187,"column":8},"end":{"line":187,"column":8}}]},"6":{"line":195,"type":"if","locations":[{"start":{"line":195,"column":8},"end":{"line":195,"column":8}},{"start":{"line":195,"column":8},"end":{"line":195,"column":8}}]},"7":{"line":238,"type":"if","locations":[{"start":{"line":238,"column":8},"end":{"line":238,"column":8}},{"start":{"line":238,"column":8},"end":{"line":238,"column":8}}]},"8":{"line":240,"type":"if","locations":[{"start":{"line":240,"column":12},"end":{"line":240,"column":12}},{"start":{"line":240,"column":12},"end":{"line":240,"column":12}}]},"9":{"line":251,"type":"if","locations":[{"start":{"line":251,"column":16},"end":{"line":251,"column":16}},{"start":{"line":251,"column":16},"end":{"line":251,"column":16}}]},"10":{"line":260,"type":"if","locations":[{"start":{"line":260,"column":13},"end":{"line":260,"column":13}},{"start":{"line":260,"column":13},"end":{"line":260,"column":13}}]},"11":{"line":264,"type":"if","locations":[{"start":{"line":264,"column":12},"end":{"line":264,"column":12}},{"start":{"line":264,"column":12},"end":{"line":264,"column":12}}]}}},
"contracts/dependencies/prb-math/PRBMath.sol":{"l":{"128":0,"130":0,"134":0,"135":0,"137":0,"138":0,"140":0,"141":0,"143":0,"144":0,"146":0,"147":0,"149":0,"150":0,"152":0,"153":0,"155":0,"156":0,"158":0,"159":0,"161":0,"162":0,"164":0,"165":0,"167":0,"168":0,"170":0,"171":0,"173":0,"174":0,"176":0,"177":0,"179":0,"180":0,"182":0,"183":0,"185":0,"186":0,"188":0,"189":0,"191":0,"192":0,"194":0,"195":0,"197":0,"198":0,"200":0,"201":0,"203":0,"204":0,"206":0,"207":0,"209":0,"210":0,"212":0,"213":0,"215":0,"216":0,"218":0,"219":0,"221":0,"222":0,"224":0,"225":0,"227":0,"228":0,"230":0,"231":0,"233":0,"234":0,"236":0,"237":0,"239":0,"240":0,"242":0,"243":0,"245":0,"246":0,"248":0,"249":0,"251":0,"252":0,"254":0,"255":0,"257":0,"258":0,"260":0,"261":0,"263":0,"264":0,"266":0,"267":0,"269":0,"270":0,"272":0,"273":0,"275":0,"276":0,"278":0,"279":0,"281":0,"282":0,"284":0,"285":0,"287":0,"288":0,"290":0,"291":0,"293":0,"294":0,"296":0,"297":0,"299":0,"300":0,"302":0,"303":0,"305":0,"306":0,"308":0,"309":0,"311":0,"312":0,"314":0,"315":0,"317":0,"318":0,"320":0,"321":0,"323":0,"324":0,"335":0,"336":0,"345":0,"346":0,"347":0,"349":0,"350":0,"351":0,"353":0,"354":0,"355":0,"357":0,"358":0,"359":0,"361":0,"362":0,"363":0,"365":0,"366":0,"367":0,"369":0,"370":0,"371":0,"373":0,"375":0,"402":0,"403":0,"404":0,"411":0,"412":0,"413":0,"415":0,"419":0,"420":0,"428":0,"429":0,"440":0,"442":0,"443":0,"455":0,"460":0,"464":0,"465":0,"466":0,"467":0,"468":0,"469":0,"475":0,"476":0,"499":0,"500":0,"501":0,"507":0,"508":0,"511":0,"512":0,"513":0,"518":0,"519":0,"520":0,"521":0,"525":0,"556":0,"557":0,"561":0,"562":0,"563":0,"564":0,"565":0,"566":0,"567":0,"571":0,"572":0,"573":0,"577":0,"578":0,"579":0,"580":0,"588":0,"600":0,"601":0,"605":0,"606":0,"607":0,"608":0,"609":0,"611":0,"612":0,"613":0,"615":0,"616":0,"617":0,"619":0,"620":0,"621":0,"623":0,"624":0,"625":0,"627":0,"628":0,"629":0,"631":0,"632":0,"636":0,"637":0,"638":0,"639":0,"640":0,"641":0,"642":0,"643":0,"644":0,"645":0},"path":"/home/szabo/Desktop/num_complex_solidity/contracts/dependencies/prb-math/PRBMath.sol","s":{"1":0,"2":0,"3":0,"4":0,"5":0,"6":0,"7":0,"8":0,"9":0,"10":0,"11":0,"12":0,"13":0,"14":0,"15":0,"16":0,"17":0,"18":0,"19":0,"20":0,"21":0,"22":0,"23":0,"24":0,"25":0,"26":0,"27":0,"28":0,"29":0,"30":0,"31":0,"32":0,"33":0,"34":0,"35":0,"36":0,"37":0,"38":0,"39":0,"40":0,"41":0,"42":0,"43":0,"44":0,"45":0,"46":0,"47":0,"48":0,"49":0,"50":0,"51":0,"52":0,"53":0,"54":0,"55":0,"56":0,"57":0,"58":0,"59":0,"60":0,"61":0,"62":0,"63":0,"64":0,"65":0,"66":0,"67":0,"68":0,"69":0,"70":0,"71":0,"72":0,"73":0,"74":0,"75":0,"76":0,"77":0,"78":0,"79":0,"80":0,"81":0,"82":0,"83":0,"84":0,"85":0,"86":0,"87":0,"88":0,"89":0,"90":0,"91":0,"92":0,"93":0,"94":0,"95":0,"96":0,"97":0,"98":0,"99":0,"100":0,"101":0,"102":0,"103":0,"104":0,"105":0,"106":0,"107":0,"108":0,"109":0,"110":0,"111":0,"112":0,"113":0,"114":0,"115":0,"116":0,"117":0,"118":0,"119":0,"120":0,"121":0,"122":0,"123":0,"124":0,"125":0,"126":0,"127":0,"128":0,"129":0,"130":0,"131":0,"132":0,"133":0,"134":0,"135":0,"136":0,"137":0,"138":0,"139":0,"140":0,"141":0,"142":0,"143":0,"144":0,"145":0,"146":0,"147":0,"148":0,"149":0,"150":0,"151":0,"152":0,"153":0,"154":0,"155":0,"156":0,"157":0,"158":0,"159":0,"160":0,"161":0,"162":0,"163":0,"164":0,"165":0,"166":0,"167":0,"168":0,"169":0,"170":0,"171":0,"172":0,"173":0,"174":0,"175":0,"176":0,"177":0,"178":0,"179":0,"180":0,"181":0,"182":0,"183":0,"184":0,"185":0,"186":0,"187":0,"188":0,"189":0,"190":0,"191":0,"192":0,"193":0,"194":0,"195":0,"196":0,"197":0,"198":0,"199":0,"200":0,"201":0,"202":0,"203":0,"204":0,"205":0,"206":0,"207":0,"208":0,"209":0,"210":0,"211":0,"212":0,"213":0,"214":0,"215":0,"216":0,"217":0,"218":0,"219":0,"220":0,"221":0,"222":0,"223":0,"224":0,"225":0,"226":0},"b":{"1":[0,0],"2":[0,0],"3":[0,0],"4":[0,0],"5":[0,0],"6":[0,0],"7":[0,0],"8":[0,0],"9":[0,0],"10":[0,0],"11":[0,0],"12":[0,0],"13":[0,0],"14":[0,0],"15":[0,0],"16":[0,0],"17":[0,0],"18":[0,0],"19":[0,0],"20":[0,0],"21":[0,0],"22":[0,0],"23":[0,0],"24":[0,0],"25":[0,0],"26":[0,0],"27":[0,0],"28":[0,0],"29":[0,0],"30":[0,0],"31":[0,0],"32":[0,0],"33":[0,0],"34":[0,0],"35":[0,0],"36":[0,0],"37":[0,0],"38":[0,0],"39":[0,0],"40":[0,0],"41":[0,0],"42":[0,0],"43":[0,0],"44":[0,0],"45":[0,0],"46":[0,0],"47":[0,0],"48":[0,0],"49":[0,0],"50":[0,0],"51":[0,0],"52":[0,0],"53":[0,0],"54":[0,0],"55":[0,0],"56":[0,0],"57":[0,0],"58":[0,0],"59":[0,0],"60":[0,0],"61":[0,0],"62":[0,0],"63":[0,0],"64":[0,0],"65":[0,0],"66":[0,0],"67":[0,0],"68":[0,0],"69":[0,0],"70":[0,0],"71":[0,0],"72":[0,0],"73":[0,0],"74":[0,0],"75":[0,0],"76":[0,0],"77":[0,0],"78":[0,0],"79":[0,0],"80":[0,0],"81":[0,0],"82":[0,0],"83":[0,0],"84":[0,0],"85":[0,0],"86":[0,0]},"f":{"1":0,"2":0,"3":0,"4":0,"5":0,"6":0},"fnMap":{"1":{"name":"exp2","line":127,"loc":{"start":{"line":127,"column":4},"end":{"line":338,"column":4}}},"2":{"name":"mostSignificantBit","line":344,"loc":{"start":{"line":344,"column":4},"end":{"line":377,"column":4}}},"3":{"name":"mulDiv","line":394,"loc":{"start":{"line":394,"column":4},"end":{"line":478,"column":4}}},"4":{"name":"mulDivFixedPoint","line":498,"loc":{"start":{"line":498,"column":4},"end":{"line":537,"column":4}}},"5":{"name":"mulDivSigned","line":551,"loc":{"start":{"line":551,"column":4},"end":{"line":589,"column":4}}},"6":{"name":"sqrt","line":599,"loc":{"start":{"line":599,"column":4},"end":{"line":647,"column":4}}}},"statementMap":{"1":{"start":{"line":130,"column":12},"end":{"line":130,"column":70}},"2":{"start":{"line":134,"column":12},"end":{"line":134,"column":5360}},"3":{"start":{"line":135,"column":16},"end":{"line":135,"column":60}},"4":{"start":{"line":137,"column":12},"end":{"line":137,"column":5483}},"5":{"start":{"line":138,"column":16},"end":{"line":138,"column":60}},"6":{"start":{"line":140,"column":12},"end":{"line":140,"column":5606}},"7":{"start":{"line":141,"column":16},"end":{"line":141,"column":60}},"8":{"start":{"line":143,"column":12},"end":{"line":143,"column":5729}},"9":{"start":{"line":144,"column":16},"end":{"line":144,"column":60}},"10":{"start":{"line":146,"column":12},"end":{"line":146,"column":5852}},"11":{"start":{"line":147,"column":16},"end":{"line":147,"column":60}},"12":{"start":{"line":149,"column":12},"end":{"line":149,"column":5974}},"13":{"start":{"line":150,"column":16},"end":{"line":150,"column":60}},"14":{"start":{"line":152,"column":12},"end":{"line":152,"column":6096}},"15":{"start":{"line":153,"column":16},"end":{"line":153,"column":60}},"16":{"start":{"line":155,"column":12},"end":{"line":155,"column":6218}},"17":{"start":{"line":156,"column":16},"end":{"line":156,"column":60}},"18":{"start":{"line":158,"column":12},"end":{"line":158,"column":6340}},"19":{"start":{"line":159,"column":16},"end":{"line":159,"column":60}},"20":{"start":{"line":161,"column":12},"end":{"line":161,"column":6461}},"21":{"start":{"line":162,"column":16},"end":{"line":162,"column":60}},"22":{"start":{"line":164,"column":12},"end":{"line":164,"column":6582}},"23":{"start":{"line":165,"column":16},"end":{"line":165,"column":60}},"24":{"start":{"line":167,"column":12},"end":{"line":167,"column":6703}},"25":{"start":{"line":168,"column":16},"end":{"line":168,"column":60}},"26":{"start":{"line":170,"column":12},"end":{"line":170,"column":6824}},"27":{"start":{"line":171,"column":16},"end":{"line":171,"column":60}},"28":{"start":{"line":173,"column":12},"end":{"line":173,"column":6944}},"29":{"start":{"line":174,"column":16},"end":{"line":174,"column":60}},"30":{"start":{"line":176,"column":12},"end":{"line":176,"column":7064}},"31":{"start":{"line":177,"column":16},"end":{"line":177,"column":60}},"32":{"start":{"line":179,"column":12},"end":{"line":179,"column":7184}},"33":{"start":{"line":180,"column":16},"end":{"line":180,"column":60}},"34":{"start":{"line":182,"column":12},"end":{"line":182,"column":7304}},"35":{"start":{"line":183,"column":16},"end":{"line":183,"column":60}},"36":{"start":{"line":185,"column":12},"end":{"line":185,"column":7423}},"37":{"start":{"line":186,"column":16},"end":{"line":186,"column":60}},"38":{"start":{"line":188,"column":12},"end":{"line":188,"column":7542}},"39":{"start":{"line":189,"column":16},"end":{"line":189,"column":60}},"40":{"start":{"line":191,"column":12},"end":{"line":191,"column":7661}},"41":{"start":{"line":192,"column":16},"end":{"line":192,"column":60}},"42":{"start":{"line":194,"column":12},"end":{"line":194,"column":7780}},"43":{"start":{"line":195,"column":16},"end":{"line":195,"column":60}},"44":{"start":{"line":197,"column":12},"end":{"line":197,"column":7898}},"45":{"start":{"line":198,"column":16},"end":{"line":198,"column":60}},"46":{"start":{"line":200,"column":12},"end":{"line":200,"column":8016}},"47":{"start":{"line":201,"column":16},"end":{"line":201,"column":60}},"48":{"start":{"line":203,"column":12},"end":{"line":203,"column":8134}},"49":{"start":{"line":204,"column":16},"end":{"line":204,"column":60}},"50":{"start":{"line":206,"column":12},"end":{"line":206,"column":8252}},"51":{"start":{"line":207,"column":16},"end":{"line":207,"column":60}},"52":{"start":{"line":209,"column":12},"end":{"line":209,"column":8369}},"53":{"start":{"line":210,"column":16},"end":{"line":210,"column":60}},"54":{"start":{"line":212,"column":12},"end":{"line":212,"column":8486}},"55":{"start":{"line":213,"column":16},"end":{"line":213,"column":60}},"56":{"start":{"line":215,"column":12},"end":{"line":215,"column":8603}},"57":{"start":{"line":216,"column":16},"end":{"line":216,"column":60}},"58":{"start":{"line":218,"column":12},"end":{"line":218,"column":8720}},"59":{"start":{"line":219,"column":16},"end":{"line":219,"column":60}},"60":{"start":{"line":221,"column":12},"end":{"line":221,"column":8836}},"61":{"start":{"line":222,"column":16},"end":{"line":222,"column":60}},"62":{"start":{"line":224,"column":12},"end":{"line":224,"column":8952}},"63":{"start":{"line":225,"column":16},"end":{"line":225,"column":60}},"64":{"start":{"line":227,"column":12},"end":{"line":227,"column":9068}},"65":{"start":{"line":228,"column":16},"end":{"line":228,"column":60}},"66":{"start":{"line":230,"column":12},"end":{"line":230,"column":9184}},"67":{"start":{"line":231,"column":16},"end":{"line":231,"column":60}},"68":{"start":{"line":233,"column":12},"end":{"line":233,"column":9299}},"69":{"start":{"line":234,"column":16},"end":{"line":234,"column":60}},"70":{"start":{"line":236,"column":12},"end":{"line":236,"column":9414}},"71":{"start":{"line":237,"column":16},"end":{"line":237,"column":60}},"72":{"start":{"line":239,"column":12},"end":{"line":239,"column":9529}},"73":{"start":{"line":240,"column":16},"end":{"line":240,"column":60}},"74":{"start":{"line":242,"column":12},"end":{"line":242,"column":9644}},"75":{"start":{"line":243,"column":16},"end":{"line":243,"column":60}},"76":{"start":{"line":245,"column":12},"end":{"line":245,"column":9758}},"77":{"start":{"line":246,"column":16},"end":{"line":246,"column":60}},"78":{"start":{"line":248,"column":12},"end":{"line":248,"column":9872}},"79":{"start":{"line":249,"column":16},"end":{"line":249,"column":60}},"80":{"start":{"line":251,"column":12},"end":{"line":251,"column":9986}},"81":{"start":{"line":252,"column":16},"end":{"line":252,"column":60}},"82":{"start":{"line":254,"column":12},"end":{"line":254,"column":10100}},"83":{"start":{"line":255,"column":16},"end":{"line":255,"column":60}},"84":{"start":{"line":257,"column":12},"end":{"line":257,"column":10213}},"85":{"start":{"line":258,"column":16},"end":{"line":258,"column":60}},"86":{"start":{"line":260,"column":12},"end":{"line":260,"column":10326}},"87":{"start":{"line":261,"column":16},"end":{"line":261,"column":60}},"88":{"start":{"line":263,"column":12},"end":{"line":263,"column":10439}},"89":{"start":{"line":264,"column":16},"end":{"line":264,"column":60}},"90":{"start":{"line":266,"column":12},"end":{"line":266,"column":10552}},"91":{"start":{"line":267,"column":16},"end":{"line":267,"column":60}},"92":{"start":{"line":269,"column":12},"end":{"line":269,"column":10664}},"93":{"start":{"line":270,"column":16},"end":{"line":270,"column":60}},"94":{"start":{"line":272,"column":12},"end":{"line":272,"column":10776}},"95":{"start":{"line":273,"column":16},"end":{"line":273,"column":60}},"96":{"start":{"line":275,"column":12},"end":{"line":275,"column":10888}},"97":{"start":{"line":276,"column":16},"end":{"line":276,"column":60}},"98":{"start":{"line":278,"column":12},"end":{"line":278,"column":11000}},"99":{"start":{"line":279,"column":16},"end":{"line":279,"column":60}},"100":{"start":{"line":281,"column":12},"end":{"line":281,"column":11111}},"101":{"start":{"line":282,"column":16},"end":{"line":282,"column":60}},"102":{"start":{"line":284,"column":12},"end":{"line":284,"column":11222}},"103":{"start":{"line":285,"column":16},"end":{"line":285,"column":60}},"104":{"start":{"line":287,"column":12},"end":{"line":287,"column":11333}},"105":{"start":{"line":288,"column":16},"end":{"line":288,"column":60}},"106":{"start":{"line":290,"column":12},"end":{"line":290,"column":11444}},"107":{"start":{"line":291,"column":16},"end":{"line":291,"column":60}},"108":{"start":{"line":293,"column":12},"end":{"line":293,"column":11554}},"109":{"start":{"line":294,"column":16},"end":{"line":294,"column":60}},"110":{"start":{"line":296,"column":12},"end":{"line":296,"column":11664}},"111":{"start":{"line":297,"column":16},"end":{"line":297,"column":60}},"112":{"start":{"line":299,"column":12},"end":{"line":299,"column":11774}},"113":{"start":{"line":300,"column":16},"end":{"line":300,"column":60}},"114":{"start":{"line":302,"column":12},"end":{"line":302,"column":11884}},"115":{"start":{"line":303,"column":16},"end":{"line":303,"column":60}},"116":{"start":{"line":305,"column":12},"end":{"line":305,"column":11993}},"117":{"start":{"line":306,"column":16},"end":{"line":306,"column":60}},"118":{"start":{"line":308,"column":12},"end":{"line":308,"column":12102}},"119":{"start":{"line":309,"column":16},"end":{"line":309,"column":60}},"120":{"start":{"line":311,"column":12},"end":{"line":311,"column":12211}},"121":{"start":{"line":312,"column":16},"end":{"line":312,"column":60}},"122":{"start":{"line":314,"column":12},"end":{"line":314,"column":12320}},"123":{"start":{"line":315,"column":16},"end":{"line":315,"column":60}},"124":{"start":{"line":317,"column":12},"end":{"line":317,"column":12428}},"125":{"start":{"line":318,"column":16},"end":{"line":318,"column":60}},"126":{"start":{"line":320,"column":12},"end":{"line":320,"column":12536}},"127":{"start":{"line":321,"column":16},"end":{"line":321,"column":60}},"128":{"start":{"line":323,"column":12},"end":{"line":323,"column":12644}},"129":{"start":{"line":324,"column":16},"end":{"line":324,"column":60}},"130":{"start":{"line":335,"column":12},"end":{"line":335,"column":26}},"131":{"start":{"line":336,"column":12},"end":{"line":336,"column":39}},"132":{"start":{"line":345,"column":8},"end":{"line":345,"column":13841}},"133":{"start":{"line":346,"column":12},"end":{"line":346,"column":20}},"134":{"start":{"line":347,"column":12},"end":{"line":347,"column":21}},"135":{"start":{"line":349,"column":8},"end":{"line":349,"column":13925}},"136":{"start":{"line":350,"column":12},"end":{"line":350,"column":19}},"137":{"start":{"line":351,"column":12},"end":{"line":351,"column":20}},"138":{"start":{"line":353,"column":8},"end":{"line":353,"column":14006}},"139":{"start":{"line":354,"column":12},"end":{"line":354,"column":19}},"140":{"start":{"line":355,"column":12},"end":{"line":355,"column":20}},"141":{"start":{"line":357,"column":8},"end":{"line":357,"column":14087}},"142":{"start":{"line":358,"column":12},"end":{"line":358,"column":19}},"143":{"start":{"line":359,"column":12},"end":{"line":359,"column":20}},"144":{"start":{"line":361,"column":8},"end":{"line":361,"column":14168}},"145":{"start":{"line":362,"column":12},"end":{"line":362,"column":18}},"146":{"start":{"line":363,"column":12},"end":{"line":363,"column":19}},"147":{"start":{"line":365,"column":8},"end":{"line":365,"column":14246}},"148":{"start":{"line":366,"column":12},"end":{"line":366,"column":18}},"149":{"start":{"line":367,"column":12},"end":{"line":367,"column":19}},"150":{"start":{"line":369,"column":8},"end":{"line":369,"column":14324}},"151":{"start":{"line":370,"column":12},"end":{"line":370,"column":18}},"152":{"start":{"line":371,"column":12},"end":{"line":371,"column":19}},"153":{"start":{"line":373,"column":8},"end":{"line":373,"column":14402}},"154":{"start":{"line":375,"column":12},"end":{"line":375,"column":19}},"155":{"start":{"line":402,"column":8},"end":{"line":402,"column":21}},"156":{"start":{"line":403,"column":8},"end":{"line":403,"column":21}},"157":{"start":{"line":411,"column":8},"end":{"line":411,"column":15864}},"158":{"start":{"line":413,"column":16},"end":{"line":413,"column":43}},"159":{"start":{"line":415,"column":12},"end":{"line":415,"column":25}},"160":{"start":{"line":419,"column":8},"end":{"line":419,"column":16096}},"161":{"start":{"line":428,"column":8},"end":{"line":428,"column":25}},"162":{"start":{"line":442,"column":12},"end":{"line":442,"column":62}},"163":{"start":{"line":455,"column":12},"end":{"line":455,"column":35}},"164":{"start":{"line":460,"column":12},"end":{"line":460,"column":51}},"165":{"start":{"line":464,"column":12},"end":{"line":464,"column":47}},"166":{"start":{"line":465,"column":12},"end":{"line":465,"column":47}},"167":{"start":{"line":466,"column":12},"end":{"line":466,"column":47}},"168":{"start":{"line":467,"column":12},"end":{"line":467,"column":47}},"169":{"start":{"line":468,"column":12},"end":{"line":468,"column":47}},"170":{"start":{"line":469,"column":12},"end":{"line":469,"column":47}},"171":{"start":{"line":475,"column":12},"end":{"line":475,"column":35}},"172":{"start":{"line":476,"column":12},"end":{"line":476,"column":25}},"173":{"start":{"line":499,"column":8},"end":{"line":499,"column":21}},"174":{"start":{"line":500,"column":8},"end":{"line":500,"column":21}},"175":{"start":{"line":507,"column":8},"end":{"line":507,"column":20501}},"176":{"start":{"line":511,"column":8},"end":{"line":511,"column":25}},"177":{"start":{"line":512,"column":8},"end":{"line":512,"column":27}},"178":{"start":{"line":518,"column":8},"end":{"line":518,"column":20795}},"179":{"start":{"line":520,"column":16},"end":{"line":520,"column":53}},"180":{"start":{"line":521,"column":16},"end":{"line":521,"column":29}},"181":{"start":{"line":556,"column":8},"end":{"line":556,"column":22027}},"182":{"start":{"line":561,"column":8},"end":{"line":561,"column":18}},"183":{"start":{"line":562,"column":8},"end":{"line":562,"column":18}},"184":{"start":{"line":563,"column":8},"end":{"line":563,"column":18}},"185":{"start":{"line":565,"column":12},"end":{"line":565,"column":48}},"186":{"start":{"line":566,"column":12},"end":{"line":566,"column":48}},"187":{"start":{"line":567,"column":12},"end":{"line":567,"column":78}},"188":{"start":{"line":571,"column":8},"end":{"line":571,"column":41}},"189":{"start":{"line":572,"column":8},"end":{"line":572,"column":22676}},"190":{"start":{"line":577,"column":8},"end":{"line":577,"column":18}},"191":{"start":{"line":578,"column":8},"end":{"line":578,"column":18}},"192":{"start":{"line":579,"column":8},"end":{"line":579,"column":18}},"193":{"start":{"line":588,"column":8},"end":{"line":588,"column":64}},"194":{"start":{"line":600,"column":8},"end":{"line":600,"column":23769}},"195":{"start":{"line":601,"column":12},"end":{"line":601,"column":20}},"196":{"start":{"line":605,"column":8},"end":{"line":605,"column":33}},"197":{"start":{"line":606,"column":8},"end":{"line":606,"column":17}},"198":{"start":{"line":607,"column":8},"end":{"line":607,"column":23980}},"199":{"start":{"line":608,"column":12},"end":{"line":608,"column":23}},"200":{"start":{"line":609,"column":12},"end":{"line":609,"column":24}},"201":{"start":{"line":611,"column":8},"end":{"line":611,"column":24102}},"202":{"start":{"line":612,"column":12},"end":{"line":612,"column":22}},"203":{"start":{"line":613,"column":12},"end":{"line":613,"column":24}},"204":{"start":{"line":615,"column":8},"end":{"line":615,"column":24207}},"205":{"start":{"line":616,"column":12},"end":{"line":616,"column":22}},"206":{"start":{"line":617,"column":12},"end":{"line":617,"column":24}},"207":{"start":{"line":619,"column":8},"end":{"line":619,"column":24304}},"208":{"start":{"line":620,"column":12},"end":{"line":620,"column":22}},"209":{"start":{"line":621,"column":12},"end":{"line":621,"column":23}},"210":{"start":{"line":623,"column":8},"end":{"line":623,"column":24396}},"211":{"start":{"line":624,"column":12},"end":{"line":624,"column":21}},"212":{"start":{"line":625,"column":12},"end":{"line":625,"column":23}},"213":{"start":{"line":627,"column":8},"end":{"line":627,"column":24485}},"214":{"start":{"line":628,"column":12},"end":{"line":628,"column":21}},"215":{"start":{"line":629,"column":12},"end":{"line":629,"column":23}},"216":{"start":{"line":631,"column":8},"end":{"line":631,"column":24573}},"217":{"start":{"line":632,"column":12},"end":{"line":632,"column":23}},"218":{"start":{"line":637,"column":12},"end":{"line":637,"column":46}},"219":{"start":{"line":638,"column":12},"end":{"line":638,"column":46}},"220":{"start":{"line":639,"column":12},"end":{"line":639,"column":46}},"221":{"start":{"line":640,"column":12},"end":{"line":640,"column":46}},"222":{"start":{"line":641,"column":12},"end":{"line":641,"column":46}},"223":{"start":{"line":642,"column":12},"end":{"line":642,"column":46}},"224":{"start":{"line":643,"column":12},"end":{"line":643,"column":46}},"225":{"start":{"line":644,"column":12},"end":{"line":644,"column":50}},"226":{"start":{"line":645,"column":12},"end":{"line":645,"column":75}}},"branchMap":{"1":{"line":134,"type":"if","locations":[{"start":{"line":134,"column":12},"end":{"line":134,"column":12}},{"start":{"line":134,"column":12},"end":{"line":134,"column":12}}]},"2":{"line":137,"type":"if","locations":[{"start":{"line":137,"column":12},"end":{"line":137,"column":12}},{"start":{"line":137,"column":12},"end":{"line":137,"column":12}}]},"3":{"line":140,"type":"if","locations":[{"start":{"line":140,"column":12},"end":{"line":140,"column":12}},{"start":{"line":140,"column":12},"end":{"line":140,"column":12}}]},"4":{"line":143,"type":"if","locations":[{"start":{"line":143,"column":12},"end":{"line":143,"column":12}},{"start":{"line":143,"column":12},"end":{"line":143,"column":12}}]},"5":{"line":146,"type":"if","locations":[{"start":{"line":146,"column":12},"end":{"line":146,"column":12}},{"start":{"line":146,"column":12},"end":{"line":146,"column":12}}]},"6":{"line":149,"type":"if","locations":[{"start":{"line":149,"column":12},"end":{"line":149,"column":12}},{"start":{"line":149,"column":12},"end":{"line":149,"column":12}}]},"7":{"line":152,"type":"if","locations":[{"start":{"line":152,"column":12},"end":{"line":152,"column":12}},{"start":{"line":152,"column":12},"end":{"line":152,"column":12}}]},"8":{"line":155,"type":"if","locations":[{"start":{"line":155,"column":12},"end":{"line":155,"column":12}},{"start":{"line":155,"column":12},"end":{"line":155,"column":12}}]},"9":{"line":158,"type":"if","locations":[{"start":{"line":158,"column":12},"end":{"line":158,"column":12}},{"start":{"line":158,"column":12},"end":{"line":158,"column":12}}]},"10":{"line":161,"type":"if","locations":[{"start":{"line":161,"column":12},"end":{"line":161,"column":12}},{"start":{"line":161,"column":12},"end":{"line":161,"column":12}}]},"11":{"line":164,"type":"if","locations":[{"start":{"line":164,"column":12},"end":{"line":164,"column":12}},{"start":{"line":164,"column":12},"end":{"line":164,"column":12}}]},"12":{"line":167,"type":"if","locations":[{"start":{"line":167,"column":12},"end":{"line":167,"column":12}},{"start":{"line":167,"column":12},"end":{"line":167,"column":12}}]},"13":{"line":170,"type":"if","locations":[{"start":{"line":170,"column":12},"end":{"line":170,"column":12}},{"start":{"line":170,"column":12},"end":{"line":170,"column":12}}]},"14":{"line":173,"type":"if","locations":[{"start":{"line":173,"column":12},"end":{"line":173,"column":12}},{"start":{"line":173,"column":12},"end":{"line":173,"column":12}}]},"15":{"line":176,"type":"if","locations":[{"start":{"line":176,"column":12},"end":{"line":176,"column":12}},{"start":{"line":176,"column":12},"end":{"line":176,"column":12}}]},"16":{"line":179,"type":"if","locations":[{"start":{"line":179,"column":12},"end":{"line":179,"column":12}},{"start":{"line":179,"column":12},"end":{"line":179,"column":12}}]},"17":{"line":182,"type":"if","locations":[{"start":{"line":182,"column":12},"end":{"line":182,"column":12}},{"start":{"line":182,"column":12},"end":{"line":182,"column":12}}]},"18":{"line":185,"type":"if","locations":[{"start":{"line":185,"column":12},"end":{"line":185,"column":12}},{"start":{"line":185,"column":12},"end":{"line":185,"column":12}}]},"19":{"line":188,"type":"if","locations":[{"start":{"line":188,"column":12},"end":{"line":188,"column":12}},{"start":{"line":188,"column":12},"end":{"line":188,"column":12}}]},"20":{"line":191,"type":"if","locations":[{"start":{"line":191,"column":12},"end":{"line":191,"column":12}},{"start":{"line":191,"column":12},"end":{"line":191,"column":12}}]},"21":{"line":194,"type":"if","locations":[{"start":{"line":194,"column":12},"end":{"line":194,"column":12}},{"start":{"line":194,"column":12},"end":{"line":194,"column":12}}]},"22":{"line":197,"type":"if","locations":[{"start":{"line":197,"column":12},"end":{"line":197,"column":12}},{"start":{"line":197,"column":12},"end":{"line":197,"column":12}}]},"23":{"line":200,"type":"if","locations":[{"start":{"line":200,"column":12},"end":{"line":200,"column":12}},{"start":{"line":200,"column":12},"end":{"line":200,"column":12}}]},"24":{"line":203,"type":"if","locations":[{"start":{"line":203,"column":12},"end":{"line":203,"column":12}},{"start":{"line":203,"column":12},"end":{"line":203,"column":12}}]},"25":{"line":206,"type":"if","locations":[{"start":{"line":206,"column":12},"end":{"line":206,"column":12}},{"start":{"line":206,"column":12},"end":{"line":206,"column":12}}]},"26":{"line":209,"type":"if","locations":[{"start":{"line":209,"column":12},"end":{"line":209,"column":12}},{"start":{"line":209,"column":12},"end":{"line":209,"column":12}}]},"27":{"line":212,"type":"if","locations":[{"start":{"line":212,"column":12},"end":{"line":212,"column":12}},{"start":{"line":212,"column":12},"end":{"line":212,"column":12}}]},"28":{"line":215,"type":"if","locations":[{"start":{"line":215,"column":12},"end":{"line":215,"column":12}},{"start":{"line":215,"column":12},"end":{"line":215,"column":12}}]},"29":{"line":218,"type":"if","locations":[{"start":{"line":218,"column":12},"end":{"line":218,"column":12}},{"start":{"line":218,"column":12},"end":{"line":218,"column":12}}]},"30":{"line":221,"type":"if","locations":[{"start":{"line":221,"column":12},"end":{"line":221,"column":12}},{"start":{"line":221,"column":12},"end":{"line":221,"column":12}}]},"31":{"line":224,"type":"if","locations":[{"start":{"line":224,"column":12},"end":{"line":224,"column":12}},{"start":{"line":224,"column":12},"end":{"line":224,"column":12}}]},"32":{"line":227,"type":"if","locations":[{"start":{"line":227,"column":12},"end":{"line":227,"column":12}},{"start":{"line":227,"column":12},"end":{"line":227,"column":12}}]},"33":{"line":230,"type":"if","locations":[{"start":{"line":230,"column":12},"end":{"line":230,"column":12}},{"start":{"line":230,"column":12},"end":{"line":230,"column":12}}]},"34":{"line":233,"type":"if","locations":[{"start":{"line":233,"column":12},"end":{"line":233,"column":12}},{"start":{"line":233,"column":12},"end":{"line":233,"column":12}}]},"35":{"line":236,"type":"if","locations":[{"start":{"line":236,"column":12},"end":{"line":236,"column":12}},{"start":{"line":236,"column":12},"end":{"line":236,"column":12}}]},"36":{"line":239,"type":"if","locations":[{"start":{"line":239,"column":12},"end":{"line":239,"column":12}},{"start":{"line":239,"column":12},"end":{"line":239,"column":12}}]},"37":{"line":242,"type":"if","locations":[{"start":{"line":242,"column":12},"end":{"line":242,"column":12}},{"start":{"line":242,"column":12},"end":{"line":242,"column":12}}]},"38":{"line":245,"type":"if","locations":[{"start":{"line":245,"column":12},"end":{"line":245,"column":12}},{"start":{"line":245,"column":12},"end":{"line":245,"column":12}}]},"39":{"line":248,"type":"if","locations":[{"start":{"line":248,"column":12},"end":{"line":248,"column":12}},{"start":{"line":248,"column":12},"end":{"line":248,"column":12}}]},"40":{"line":251,"type":"if","locations":[{"start":{"line":251,"column":12},"end":{"line":251,"column":12}},{"start":{"line":251,"column":12},"end":{"line":251,"column":12}}]},"41":{"line":254,"type":"if","locations":[{"start":{"line":254,"column":12},"end":{"line":254,"column":12}},{"start":{"line":254,"column":12},"end":{"line":254,"column":12}}]},"42":{"line":257,"type":"if","locations":[{"start":{"line":257,"column":12},"end":{"line":257,"column":12}},{"start":{"line":257,"column":12},"end":{"line":257,"column":12}}]},"43":{"line":260,"type":"if","locations":[{"start":{"line":260,"column":12},"end":{"line":260,"column":12}},{"start":{"line":260,"column":12},"end":{"line":260,"column":12}}]},"44":{"line":263,"type":"if","locations":[{"start":{"line":263,"column":12},"end":{"line":263,"column":12}},{"start":{"line":263,"column":12},"end":{"line":263,"column":12}}]},"45":{"line":266,"type":"if","locations":[{"start":{"line":266,"column":12},"end":{"line":266,"column":12}},{"start":{"line":266,"column":12},"end":{"line":266,"column":12}}]},"46":{"line":269,"type":"if","locations":[{"start":{"line":269,"column":12},"end":{"line":269,"column":12}},{"start":{"line":269,"column":12},"end":{"line":269,"column":12}}]},"47":{"line":272,"type":"if","locations":[{"start":{"line":272,"column":12},"end":{"line":272,"column":12}},{"start":{"line":272,"column":12},"end":{"line":272,"column":12}}]},"48":{"line":275,"type":"if","locations":[{"start":{"line":275,"column":12},"end":{"line":275,"column":12}},{"start":{"line":275,"column":12},"end":{"line":275,"column":12}}]},"49":{"line":278,"type":"if","locations":[{"start":{"line":278,"column":12},"end":{"line":278,"column":12}},{"start":{"line":278,"column":12},"end":{"line":278,"column":12}}]},"50":{"line":281,"type":"if","locations":[{"start":{"line":281,"column":12},"end":{"line":281,"column":12}},{"start":{"line":281,"column":12},"end":{"line":281,"column":12}}]},"51":{"line":284,"type":"if","locations":[{"start":{"line":284,"column":12},"end":{"line":284,"column":12}},{"start":{"line":284,"column":12},"end":{"line":284,"column":12}}]},"52":{"line":287,"type":"if","locations":[{"start":{"line":287,"column":12},"end":{"line":287,"column":12}},{"start":{"line":287,"column":12},"end":{"line":287,"column":12}}]},"53":{"line":290,"type":"if","locations":[{"start":{"line":290,"column":12},"end":{"line":290,"column":12}},{"start":{"line":290,"column":12},"end":{"line":290,"column":12}}]},"54":{"line":293,"type":"if","locations":[{"start":{"line":293,"column":12},"end":{"line":293,"column":12}},{"start":{"line":293,"column":12},"end":{"line":293,"column":12}}]},"55":{"line":296,"type":"if","locations":[{"start":{"line":296,"column":12},"end":{"line":296,"column":12}},{"start":{"line":296,"column":12},"end":{"line":296,"column":12}}]},"56":{"line":299,"type":"if","locations":[{"start":{"line":299,"column":12},"end":{"line":299,"column":12}},{"start":{"line":299,"column":12},"end":{"line":299,"column":12}}]},"57":{"line":302,"type":"if","locations":[{"start":{"line":302,"column":12},"end":{"line":302,"column":12}},{"start":{"line":302,"column":12},"end":{"line":302,"column":12}}]},"58":{"line":305,"type":"if","locations":[{"start":{"line":305,"column":12},"end":{"line":305,"column":12}},{"start":{"line":305,"column":12},"end":{"line":305,"column":12}}]},"59":{"line":308,"type":"if","locations":[{"start":{"line":308,"column":12},"end":{"line":308,"column":12}},{"start":{"line":308,"column":12},"end":{"line":308,"column":12}}]},"60":{"line":311,"type":"if","locations":[{"start":{"line":311,"column":12},"end":{"line":311,"column":12}},{"start":{"line":311,"column":12},"end":{"line":311,"column":12}}]},"61":{"line":314,"type":"if","locations":[{"start":{"line":314,"column":12},"end":{"line":314,"column":12}},{"start":{"line":314,"column":12},"end":{"line":314,"column":12}}]},"62":{"line":317,"type":"if","locations":[{"start":{"line":317,"column":12},"end":{"line":317,"column":12}},{"start":{"line":317,"column":12},"end":{"line":317,"column":12}}]},"63":{"line":320,"type":"if","locations":[{"start":{"line":320,"column":12},"end":{"line":320,"column":12}},{"start":{"line":320,"column":12},"end":{"line":320,"column":12}}]},"64":{"line":323,"type":"if","locations":[{"start":{"line":323,"column":12},"end":{"line":323,"column":12}},{"start":{"line":323,"column":12},"end":{"line":323,"column":12}}]},"65":{"line":345,"type":"if","locations":[{"start":{"line":345,"column":8},"end":{"line":345,"column":8}},{"start":{"line":345,"column":8},"end":{"line":345,"column":8}}]},"66":{"line":349,"type":"if","locations":[{"start":{"line":349,"column":8},"end":{"line":349,"column":8}},{"start":{"line":349,"column":8},"end":{"line":349,"column":8}}]},"67":{"line":353,"type":"if","locations":[{"start":{"line":353,"column":8},"end":{"line":353,"column":8}},{"start":{"line":353,"column":8},"end":{"line":353,"column":8}}]},"68":{"line":357,"type":"if","locations":[{"start":{"line":357,"column":8},"end":{"line":357,"column":8}},{"start":{"line":357,"column":8},"end":{"line":357,"column":8}}]},"69":{"line":361,"type":"if","locations":[{"start":{"line":361,"column":8},"end":{"line":361,"column":8}},{"start":{"line":361,"column":8},"end":{"line":361,"column":8}}]},"70":{"line":365,"type":"if","locations":[{"start":{"line":365,"column":8},"end":{"line":365,"column":8}},{"start":{"line":365,"column":8},"end":{"line":365,"column":8}}]},"71":{"line":369,"type":"if","locations":[{"start":{"line":369,"column":8},"end":{"line":369,"column":8}},{"start":{"line":369,"column":8},"end":{"line":369,"column":8}}]},"72":{"line":373,"type":"if","locations":[{"start":{"line":373,"column":8},"end":{"line":373,"column":8}},{"start":{"line":373,"column":8},"end":{"line":373,"column":8}}]},"73":{"line":411,"type":"if","locations":[{"start":{"line":411,"column":8},"end":{"line":411,"column":8}},{"start":{"line":411,"column":8},"end":{"line":411,"column":8}}]},"74":{"line":419,"type":"if","locations":[{"start":{"line":419,"column":8},"end":{"line":419,"column":8}},{"start":{"line":419,"column":8},"end":{"line":419,"column":8}}]},"75":{"line":507,"type":"if","locations":[{"start":{"line":507,"column":8},"end":{"line":507,"column":8}},{"start":{"line":507,"column":8},"end":{"line":507,"column":8}}]},"76":{"line":518,"type":"if","locations":[{"start":{"line":518,"column":8},"end":{"line":518,"column":8}},{"start":{"line":518,"column":8},"end":{"line":518,"column":8}}]},"77":{"line":556,"type":"if","locations":[{"start":{"line":556,"column":8},"end":{"line":556,"column":8}},{"start":{"line":556,"column":8},"end":{"line":556,"column":8}}]},"78":{"line":572,"type":"if","locations":[{"start":{"line":572,"column":8},"end":{"line":572,"column":8}},{"start":{"line":572,"column":8},"end":{"line":572,"column":8}}]},"79":{"line":600,"type":"if","locations":[{"start":{"line":600,"column":8},"end":{"line":600,"column":8}},{"start":{"line":600,"column":8},"end":{"line":600,"column":8}}]},"80":{"line":607,"type":"if","locations":[{"start":{"line":607,"column":8},"end":{"line":607,"column":8}},{"start":{"line":607,"column":8},"end":{"line":607,"column":8}}]},"81":{"line":611,"type":"if","locations":[{"start":{"line":611,"column":8},"end":{"line":611,"column":8}},{"start":{"line":611,"column":8},"end":{"line":611,"column":8}}]},"82":{"line":615,"type":"if","locations":[{"start":{"line":615,"column":8},"end":{"line":615,"column":8}},{"start":{"line":615,"column":8},"end":{"line":615,"column":8}}]},"83":{"line":619,"type":"if","locations":[{"start":{"line":619,"column":8},"end":{"line":619,"column":8}},{"start":{"line":619,"column":8},"end":{"line":619,"column":8}}]},"84":{"line":623,"type":"if","locations":[{"start":{"line":623,"column":8},"end":{"line":623,"column":8}},{"start":{"line":623,"column":8},"end":{"line":623,"column":8}}]},"85":{"line":627,"type":"if","locations":[{"start":{"line":627,"column":8},"end":{"line":627,"column":8}},{"start":{"line":627,"column":8},"end":{"line":627,"column":8}}]},"86":{"line":631,"type":"if","locations":[{"start":{"line":631,"column":8},"end":{"line":631,"column":8}},{"start":{"line":631,"column":8},"end":{"line":631,"column":8}}]}}},
"contracts/dependencies/prb-math/PRBMathSD59x18.sol":{"l":{"48":0,"49":0,"50":0,"52":0,"62":0,"63":0,"64":0,"67":0,"73":0,"89":0,"90":0,"92":0,"93":0,"94":0,"95":0,"98":0,"99":0,"100":0,"123":0,"124":0,"128":0,"129":0,"130":0,"131":0,"132":0,"136":0,"137":0,"138":0,"142":0,"143":0,"144":0,"151":0,"157":0,"176":0,"177":0,"181":0,"182":0,"186":0,"187":0,"188":0,"207":0,"209":0,"210":0,"214":0,"215":0,"219":0,"220":0,"223":0,"225":0,"228":0,"244":0,"245":0,"247":0,"248":0,"249":0,"250":0,"253":0,"254":0,"255":0,"267":0,"268":0,"281":0,"282":0,"283":0,"285":0,"286":0,"288":0,"302":0,"303":0,"306":0,"308":0,"309":0,"310":0,"314":0,"315":0,"320":0,"332":0,"334":0,"354":0,"355":0,"373":0,"374":0,"379":0,"463":0,"465":0,"466":0,"485":0,"486":0,"488":0,"490":0,"491":0,"492":0,"494":0,"496":0,"502":0,"506":0,"509":0,"512":0,"513":0,"518":0,"519":0,"522":0,"524":0,"527":0,"530":0,"552":0,"553":0,"556":0,"557":0,"558":0,"559":0,"560":0,"562":0,"563":0,"564":0,"567":0,"568":0,"569":0,"573":0,"579":0,"598":0,"599":0,"601":0,"622":0,"625":0,"628":0,"629":0,"630":0,"633":0,"634":0,"639":0,"640":0,"644":0,"645":0,"650":0,"663":0,"664":0,"665":0,"667":0,"668":0,"672":0,"680":0,"681":0},"path":"/home/szabo/Desktop/num_complex_solidity/contracts/dependencies/prb-math/PRBMathSD59x18.sol","s":{"1":0,"2":0,"3":0,"4":0,"5":0,"6":0,"7":0,"8":0,"9":0,"10":0,"11":0,"12":0,"13":0,"14":0,"15":0,"16":0,"17":0,"18":0,"19":0,"20":0,"21":0,"22":0,"23":0,"24":0,"25":0,"26":0,"27":0,"28":0,"29":0,"30":0,"31":0,"32":0,"33":0,"34":0,"35":0,"36":0,"37":0,"38":0,"39":0,"40":0,"41":0,"42":0,"43":0,"44":0,"45":0,"46":0,"47":0,"48":0,"49":0,"50":0,"51":0,"52":0,"53":0,"54":0,"55":0,"56":0,"57":0,"58":0,"59":0,"60":0,"61":0,"62":0,"63":0,"64":0,"65":0,"66":0,"67":0,"68":0,"69":0,"70":0,"71":0,"72":0,"73":0,"74":0,"75":0,"76":0,"77":0,"78":0,"79":0,"80":0,"81":0,"82":0,"83":0,"84":0,"85":0,"86":0,"87":0,"88":0,"89":0,"90":0,"91":0,"92":0,"93":0,"94":0,"95":0,"96":0,"97":0,"98":0,"99":0,"100":0,"101":0,"102":0},"b":{"1":[0,0],"2":[0,0],"3":[0,0],"4":[0,0],"5":[0,0],"6":[0,0],"7":[0,0],"8":[0,0],"9":[0,0],"10":[0,0],"11":[0,0],"12":[0,0],"13":[0,0],"14":[0,0],"15":[0,0],"16":[0,0],"17":[0,0],"18":[0,0],"19":[0,0],"20":[0,0],"21":[0,0],"22":[0,0],"23":[0,0],"24":[0,0],"25":[0,0],"26":[0,0],"27":[0,0],"28":[0,0],"29":[0,0],"30":[0,0],"31":[0,0],"32":[0,0],"33":[0,0]},"f":{"1":0,"2":0,"3":0,"4":0,"5":0,"6":0,"7":0,"8":0,"9":0,"10":0,"11":0,"12":0,"13":0,"14":0,"15":0,"16":0,"17":0,"18":0,"19":0,"20":0,"21":0,"22":0},"fnMap":{"1":{"name":"abs","line":47,"loc":{"start":{"line":47,"column":4},"end":{"line":54,"column":4}}},"2":{"name":"avg","line":60,"loc":{"start":{"line":60,"column":4},"end":{"line":76,"column":4}}},"3":{"name":"ceil","line":88,"loc":{"start":{"line":88,"column":4},"end":{"line":104,"column":4}}},"4":{"name":"div","line":122,"loc":{"start":{"line":122,"column":4},"end":{"line":152,"column":4}}},"5":{"name":"e","line":156,"loc":{"start":{"line":156,"column":4},"end":{"line":158,"column":4}}},"6":{"name":"exp","line":174,"loc":{"start":{"line":174,"column":4},"end":{"line":190,"column":4}}},"7":{"name":"exp2","line":205,"loc":{"start":{"line":205,"column":4},"end":{"line":231,"column":4}}},"8":{"name":"floor","line":243,"loc":{"start":{"line":243,"column":4},"end":{"line":259,"column":4}}},"9":{"name":"frac","line":266,"loc":{"start":{"line":266,"column":4},"end":{"line":270,"column":4}}},"10":{"name":"fromInt","line":280,"loc":{"start":{"line":280,"column":4},"end":{"line":290,"column":4}}},"11":{"name":"gm","line":301,"loc":{"start":{"line":301,"column":4},"end":{"line":322,"column":4}}},"12":{"name":"inv","line":331,"loc":{"start":{"line":331,"column":4},"end":{"line":336,"column":4}}},"13":{"name":"ln","line":351,"loc":{"start":{"line":351,"column":4},"end":{"line":357,"column":4}}},"14":{"name":"log10","line":372,"loc":{"start":{"line":372,"column":4},"end":{"line":469,"column":4}}},"15":{"name":"log2","line":484,"loc":{"start":{"line":484,"column":4},"end":{"line":532,"column":4}}},"16":{"name":"mul","line":551,"loc":{"start":{"line":551,"column":4},"end":{"line":575,"column":4}}},"17":{"name":"pi","line":578,"loc":{"start":{"line":578,"column":4},"end":{"line":580,"column":4}}},"18":{"name":"pow","line":597,"loc":{"start":{"line":597,"column":4},"end":{"line":603,"column":4}}},"19":{"name":"powu","line":621,"loc":{"start":{"line":621,"column":4},"end":{"line":646,"column":4}}},"20":{"name":"scale","line":649,"loc":{"start":{"line":649,"column":4},"end":{"line":651,"column":4}}},"21":{"name":"sqrt","line":662,"loc":{"start":{"line":662,"column":4},"end":{"line":674,"column":4}}},"22":{"name":"toInt","line":679,"loc":{"start":{"line":679,"column":4},"end":{"line":683,"column":4}}}},"statementMap":{"1":{"start":{"line":49,"column":12},"end":{"line":49,"column":2218}},"2":{"start":{"line":52,"column":12},"end":{"line":52,"column":34}},"3":{"start":{"line":63,"column":12},"end":{"line":63,"column":44}},"4":{"start":{"line":64,"column":12},"end":{"line":64,"column":2902}},"5":{"start":{"line":73,"column":16},"end":{"line":73,"column":41}},"6":{"start":{"line":89,"column":8},"end":{"line":89,"column":4132}},"7":{"start":{"line":93,"column":12},"end":{"line":93,"column":40}},"8":{"start":{"line":94,"column":12},"end":{"line":94,"column":4301}},"9":{"start":{"line":95,"column":16},"end":{"line":95,"column":25}},"10":{"start":{"line":98,"column":16},"end":{"line":98,"column":37}},"11":{"start":{"line":99,"column":16},"end":{"line":99,"column":4528}},"12":{"start":{"line":100,"column":20},"end":{"line":100,"column":34}},"13":{"start":{"line":123,"column":8},"end":{"line":123,"column":5479}},"14":{"start":{"line":128,"column":8},"end":{"line":128,"column":18}},"15":{"start":{"line":129,"column":8},"end":{"line":129,"column":18}},"16":{"start":{"line":131,"column":12},"end":{"line":131,"column":48}},"17":{"start":{"line":132,"column":12},"end":{"line":132,"column":48}},"18":{"start":{"line":136,"column":8},"end":{"line":136,"column":61}},"19":{"start":{"line":137,"column":8},"end":{"line":137,"column":5977}},"20":{"start":{"line":142,"column":8},"end":{"line":142,"column":18}},"21":{"start":{"line":143,"column":8},"end":{"line":143,"column":18}},"22":{"start":{"line":151,"column":8},"end":{"line":151,"column":59}},"23":{"start":{"line":157,"column":8},"end":{"line":157,"column":36}},"24":{"start":{"line":176,"column":8},"end":{"line":176,"column":7469}},"25":{"start":{"line":177,"column":12},"end":{"line":177,"column":20}},"26":{"start":{"line":181,"column":8},"end":{"line":181,"column":7629}},"27":{"start":{"line":187,"column":12},"end":{"line":187,"column":50}},"28":{"start":{"line":188,"column":12},"end":{"line":188,"column":67}},"29":{"start":{"line":207,"column":8},"end":{"line":207,"column":8612}},"30":{"start":{"line":209,"column":12},"end":{"line":209,"column":8748}},"31":{"start":{"line":210,"column":16},"end":{"line":210,"column":24}},"32":{"start":{"line":215,"column":16},"end":{"line":215,"column":39}},"33":{"start":{"line":219,"column":12},"end":{"line":219,"column":9124}},"34":{"start":{"line":225,"column":16},"end":{"line":225,"column":69}},"35":{"start":{"line":228,"column":16},"end":{"line":228,"column":53}},"36":{"start":{"line":244,"column":8},"end":{"line":244,"column":10242}},"37":{"start":{"line":248,"column":12},"end":{"line":248,"column":40}},"38":{"start":{"line":249,"column":12},"end":{"line":249,"column":10413}},"39":{"start":{"line":250,"column":16},"end":{"line":250,"column":25}},"40":{"start":{"line":253,"column":16},"end":{"line":253,"column":37}},"41":{"start":{"line":254,"column":16},"end":{"line":254,"column":10640}},"42":{"start":{"line":255,"column":20},"end":{"line":255,"column":34}},"43":{"start":{"line":268,"column":12},"end":{"line":268,"column":29}},"44":{"start":{"line":282,"column":12},"end":{"line":282,"column":11860}},"45":{"start":{"line":285,"column":12},"end":{"line":285,"column":11977}},"46":{"start":{"line":288,"column":12},"end":{"line":288,"column":29}},"47":{"start":{"line":302,"column":8},"end":{"line":302,"column":12683}},"48":{"start":{"line":303,"column":12},"end":{"line":303,"column":20}},"49":{"start":{"line":308,"column":12},"end":{"line":308,"column":29}},"50":{"start":{"line":309,"column":12},"end":{"line":309,"column":12882}},"51":{"start":{"line":314,"column":12},"end":{"line":314,"column":13032}},"52":{"start":{"line":320,"column":12},"end":{"line":320,"column":53}},"53":{"start":{"line":334,"column":12},"end":{"line":334,"column":28}},"54":{"start":{"line":355,"column":12},"end":{"line":355,"column":46}},"55":{"start":{"line":373,"column":8},"end":{"line":373,"column":15404}},"56":{"start":{"line":463,"column":8},"end":{"line":463,"column":22514}},"57":{"start":{"line":466,"column":16},"end":{"line":466,"column":64}},"58":{"start":{"line":485,"column":8},"end":{"line":485,"column":23462}},"59":{"start":{"line":490,"column":12},"end":{"line":490,"column":23}},"60":{"start":{"line":491,"column":12},"end":{"line":491,"column":23659}},"61":{"start":{"line":492,"column":16},"end":{"line":492,"column":23}},"62":{"start":{"line":494,"column":16},"end":{"line":494,"column":24}},"63":{"start":{"line":502,"column":12},"end":{"line":502,"column":70}},"64":{"start":{"line":506,"column":12},"end":{"line":506,"column":37}},"65":{"start":{"line":509,"column":12},"end":{"line":509,"column":29}},"66":{"start":{"line":512,"column":12},"end":{"line":512,"column":24562}},"67":{"start":{"line":513,"column":16},"end":{"line":513,"column":36}},"68":{"start":{"line":518,"column":12},"end":{"line":518,"column":24821}},"69":{"start":{"line":519,"column":16},"end":{"line":519,"column":34}},"70":{"start":{"line":522,"column":16},"end":{"line":522,"column":25002}},"71":{"start":{"line":524,"column":20},"end":{"line":524,"column":34}},"72":{"start":{"line":527,"column":20},"end":{"line":527,"column":26}},"73":{"start":{"line":530,"column":12},"end":{"line":530,"column":25}},"74":{"start":{"line":552,"column":8},"end":{"line":552,"column":26230}},"75":{"start":{"line":557,"column":12},"end":{"line":557,"column":22}},"76":{"start":{"line":558,"column":12},"end":{"line":558,"column":22}},"77":{"start":{"line":559,"column":12},"end":{"line":559,"column":48}},"78":{"start":{"line":560,"column":12},"end":{"line":560,"column":48}},"79":{"start":{"line":562,"column":12},"end":{"line":562,"column":59}},"80":{"start":{"line":563,"column":12},"end":{"line":563,"column":26588}},"81":{"start":{"line":567,"column":12},"end":{"line":567,"column":22}},"82":{"start":{"line":568,"column":12},"end":{"line":568,"column":22}},"83":{"start":{"line":573,"column":12},"end":{"line":573,"column":63}},"84":{"start":{"line":579,"column":8},"end":{"line":579,"column":36}},"85":{"start":{"line":598,"column":8},"end":{"line":598,"column":27799}},"86":{"start":{"line":599,"column":12},"end":{"line":599,"column":46}},"87":{"start":{"line":601,"column":12},"end":{"line":601,"column":41}},"88":{"start":{"line":622,"column":8},"end":{"line":622,"column":38}},"89":{"start":{"line":625,"column":8},"end":{"line":625,"column":56}},"90":{"start":{"line":628,"column":8},"end":{"line":628,"column":24}},"91":{"start":{"line":629,"column":8},"end":{"line":629,"column":28983}},"92":{"start":{"line":630,"column":12},"end":{"line":630,"column":54}},"93":{"start":{"line":633,"column":12},"end":{"line":633,"column":29152}},"94":{"start":{"line":634,"column":16},"end":{"line":634,"column":58}},"95":{"start":{"line":639,"column":8},"end":{"line":639,"column":29346}},"96":{"start":{"line":644,"column":8},"end":{"line":644,"column":45}},"97":{"start":{"line":645,"column":8},"end":{"line":645,"column":57}},"98":{"start":{"line":650,"column":8},"end":{"line":650,"column":21}},"99":{"start":{"line":664,"column":12},"end":{"line":664,"column":30376}},"100":{"start":{"line":667,"column":12},"end":{"line":667,"column":30476}},"101":{"start":{"line":672,"column":12},"end":{"line":672,"column":60}},"102":{"start":{"line":681,"column":12},"end":{"line":681,"column":29}}},"branchMap":{"1":{"line":49,"type":"if","locations":[{"start":{"line":49,"column":12},"end":{"line":49,"column":12}},{"start":{"line":49,"column":12},"end":{"line":49,"column":12}}]},"2":{"line":64,"type":"if","locations":[{"start":{"line":64,"column":12},"end":{"line":64,"column":12}},{"start":{"line":64,"column":12},"end":{"line":64,"column":12}}]},"3":{"line":89,"type":"if","locations":[{"start":{"line":89,"column":8},"end":{"line":89,"column":8}},{"start":{"line":89,"column":8},"end":{"line":89,"column":8}}]},"4":{"line":94,"type":"if","locations":[{"start":{"line":94,"column":12},"end":{"line":94,"column":12}},{"start":{"line":94,"column":12},"end":{"line":94,"column":12}}]},"5":{"line":99,"type":"if","locations":[{"start":{"line":99,"column":16},"end":{"line":99,"column":16}},{"start":{"line":99,"column":16},"end":{"line":99,"column":16}}]},"6":{"line":123,"type":"if","locations":[{"start":{"line":123,"column":8},"end":{"line":123,"column":8}},{"start":{"line":123,"column":8},"end":{"line":123,"column":8}}]},"7":{"line":137,"type":"if","locations":[{"start":{"line":137,"column":8},"end":{"line":137,"column":8}},{"start":{"line":137,"column":8},"end":{"line":137,"column":8}}]},"8":{"line":176,"type":"if","locations":[{"start":{"line":176,"column":8},"end":{"line":176,"column":8}},{"start":{"line":176,"column":8},"end":{"line":176,"column":8}}]},"9":{"line":181,"type":"if","locations":[{"start":{"line":181,"column":8},"end":{"line":181,"column":8}},{"start":{"line":181,"column":8},"end":{"line":181,"column":8}}]},"10":{"line":207,"type":"if","locations":[{"start":{"line":207,"column":8},"end":{"line":207,"column":8}},{"start":{"line":207,"column":8},"end":{"line":207,"column":8}}]},"11":{"line":209,"type":"if","locations":[{"start":{"line":209,"column":12},"end":{"line":209,"column":12}},{"start":{"line":209,"column":12},"end":{"line":209,"column":12}}]},"12":{"line":219,"type":"if","locations":[{"start":{"line":219,"column":12},"end":{"line":219,"column":12}},{"start":{"line":219,"column":12},"end":{"line":219,"column":12}}]},"13":{"line":244,"type":"if","locations":[{"start":{"line":244,"column":8},"end":{"line":244,"column":8}},{"start":{"line":244,"column":8},"end":{"line":244,"column":8}}]},"14":{"line":249,"type":"if","locations":[{"start":{"line":249,"column":12},"end":{"line":249,"column":12}},{"start":{"line":249,"column":12},"end":{"line":249,"column":12}}]},"15":{"line":254,"type":"if","locations":[{"start":{"line":254,"column":16},"end":{"line":254,"column":16}},{"start":{"line":254,"column":16},"end":{"line":254,"column":16}}]},"16":{"line":282,"type":"if","locations":[{"start":{"line":282,"column":12},"end":{"line":282,"column":12}},{"start":{"line":282,"column":12},"end":{"line":282,"column":12}}]},"17":{"line":285,"type":"if","locations":[{"start":{"line":285,"column":12},"end":{"line":285,"column":12}},{"start":{"line":285,"column":12},"end":{"line":285,"column":12}}]},"18":{"line":302,"type":"if","locations":[{"start":{"line":302,"column":8},"end":{"line":302,"column":8}},{"start":{"line":302,"column":8},"end":{"line":302,"column":8}}]},"19":{"line":309,"type":"if","locations":[{"start":{"line":309,"column":12},"end":{"line":309,"column":12}},{"start":{"line":309,"column":12},"end":{"line":309,"column":12}}]},"20":{"line":314,"type":"if","locations":[{"start":{"line":314,"column":12},"end":{"line":314,"column":12}},{"start":{"line":314,"column":12},"end":{"line":314,"column":12}}]},"21":{"line":373,"type":"if","locations":[{"start":{"line":373,"column":8},"end":{"line":373,"column":8}},{"start":{"line":373,"column":8},"end":{"line":373,"column":8}}]},"22":{"line":463,"type":"if","locations":[{"start":{"line":463,"column":8},"end":{"line":463,"column":8}},{"start":{"line":463,"column":8},"end":{"line":463,"column":8}}]},"23":{"line":485,"type":"if","locations":[{"start":{"line":485,"column":8},"end":{"line":485,"column":8}},{"start":{"line":485,"column":8},"end":{"line":485,"column":8}}]},"24":{"line":491,"type":"if","locations":[{"start":{"line":491,"column":12},"end":{"line":491,"column":12}},{"start":{"line":491,"column":12},"end":{"line":491,"column":12}}]},"25":{"line":512,"type":"if","locations":[{"start":{"line":512,"column":12},"end":{"line":512,"column":12}},{"start":{"line":512,"column":12},"end":{"line":512,"column":12}}]},"26":{"line":522,"type":"if","locations":[{"start":{"line":522,"column":16},"end":{"line":522,"column":16}},{"start":{"line":522,"column":16},"end":{"line":522,"column":16}}]},"27":{"line":552,"type":"if","locations":[{"start":{"line":552,"column":8},"end":{"line":552,"column":8}},{"start":{"line":552,"column":8},"end":{"line":552,"column":8}}]},"28":{"line":563,"type":"if","locations":[{"start":{"line":563,"column":12},"end":{"line":563,"column":12}},{"start":{"line":563,"column":12},"end":{"line":563,"column":12}}]},"29":{"line":598,"type":"if","locations":[{"start":{"line":598,"column":8},"end":{"line":598,"column":8}},{"start":{"line":598,"column":8},"end":{"line":598,"column":8}}]},"30":{"line":633,"type":"if","locations":[{"start":{"line":633,"column":12},"end":{"line":633,"column":12}},{"start":{"line":633,"column":12},"end":{"line":633,"column":12}}]},"31":{"line":639,"type":"if","locations":[{"start":{"line":639,"column":8},"end":{"line":639,"column":8}},{"start":{"line":639,"column":8},"end":{"line":639,"column":8}}]},"32":{"line":664,"type":"if","locations":[{"start":{"line":664,"column":12},"end":{"line":664,"column":12}},{"start":{"line":664,"column":12},"end":{"line":664,"column":12}}]},"33":{"line":667,"type":"if","locations":[{"start":{"line":667,"column":12},"end":{"line":667,"column":12}},{"start":{"line":667,"column":12},"end":{"line":667,"column":12}}]}}},
"contracts/Trigonometry.sol":{"l":{"62":0,"65":0,"71":0,"72":0,"77":0,"78":0,"80":0,"81":0,"84":0,"88":0,"102":0,"104":0,"107":0,"108":0,"109":0,"110":0,"115":0,"128":0,"129":0},"path":"/home/szabo/Desktop/num_complex_solidity/contracts/Trigonometry.sol","s":{"1":0,"2":0,"3":0,"4":0,"5":0,"6":0,"7":0,"8":0,"9":0,"10":0,"11":0,"12":0,"13":0,"14":0,"15":0,"16":0,"17":0,"18":0},"b":{"1":[0,0],"2":[0,0]},"f":{"1":0,"2":0},"fnMap":{"1":{"name":"sin","line":61,"loc":{"start":{"line":61,"column":2},"end":{"line":117,"column":2}}},"2":{"name":"cos","line":127,"loc":{"start":{"line":127,"column":2},"end":{"line":131,"column":2}}}},"statementMap":{"1":{"start":{"line":65,"column":6},"end":{"line":65,"column":58}},"2":{"start":{"line":71,"column":6},"end":{"line":71,"column":76}},"3":{"start":{"line":72,"column":6},"end":{"line":72,"column":76}},"4":{"start":{"line":77,"column":6},"end":{"line":77,"column":68}},"5":{"start":{"line":78,"column":6},"end":{"line":78,"column":68}},"6":{"start":{"line":80,"column":6},"end":{"line":80,"column":7669}},"7":{"start":{"line":81,"column":8},"end":{"line":81,"column":42}},"8":{"start":{"line":84,"column":6},"end":{"line":84,"column":36}},"9":{"start":{"line":88,"column":6},"end":{"line":88,"column":51}},"10":{"start":{"line":91,"column":6},"end":{"line":91,"column":18}},"11":{"start":{"line":102,"column":6},"end":{"line":102,"column":53}},"12":{"start":{"line":104,"column":6},"end":{"line":104,"column":36}},"13":{"start":{"line":107,"column":6},"end":{"line":107,"column":66}},"14":{"start":{"line":108,"column":6},"end":{"line":108,"column":109}},"15":{"start":{"line":109,"column":6},"end":{"line":109,"column":9092}},"16":{"start":{"line":110,"column":8},"end":{"line":110,"column":17}},"17":{"start":{"line":115,"column":6},"end":{"line":115,"column":40}},"18":{"start":{"line":129,"column":6},"end":{"line":129,"column":38}}},"branchMap":{"1":{"line":80,"type":"if","locations":[{"start":{"line":80,"column":6},"end":{"line":80,"column":6}},{"start":{"line":80,"column":6},"end":{"line":80,"column":6}}]},"2":{"line":109,"type":"if","locations":[{"start":{"line":109,"column":6},"end":{"line":109,"column":6}},{"start":{"line":109,"column":6},"end":{"line":109,"column":6}}]}}}}
