TN:
SF:/home/turing/Desktop/num_complex_solidity/contracts/Complex.sol
FN:32,add
FN:47,sub
FN:62,mul
FN:85,div
FN:102,r2
FN:116,toPolar
FN:138,fromPolar
FN:156,atan2
FN:182,p_atan2
FN:207,atan1to1
FN:218,complexLN
FN:236,complexSQRT
FN:286,complexEXP
FN:302,complexPOW
FNF:14
FNH:14
FNDA:1,add
FNDA:1,sub
FNDA:1,mul
FNDA:1,div
FNDA:4,r2
FNDA:3,toPolar
FNDA:2,fromPolar
FNDA:1,atan2
FNDA:4,p_atan2
FNDA:1,atan1to1
FNDA:1,complexLN
FNDA:1,complexSQRT
FNDA:1,complexEXP
FNDA:1,complexPOW
DA:33,1
DA:34,1
DA:36,1
DA:48,1
DA:49,1
DA:51,1
DA:63,1
DA:64,1
DA:65,1
DA:66,1
DA:68,1
DA:69,1
DA:71,1
DA:72,1
DA:74,1
DA:86,1
DA:87,1
DA:88,1
DA:90,1
DA:91,1
DA:93,1
DA:103,4
DA:104,4
DA:105,4
DA:117,3
DA:119,3
DA:121,3
DA:122,3
DA:126,0
DA:127,0
DA:140,2
DA:141,2
DA:142,2
DA:145,0
DA:147,0
DA:157,1
DA:158,1
DA:159,1
DA:161,1
DA:162,1
DA:163,1
DA:166,0
DA:167,0
DA:169,1
DA:170,1
DA:173,0
DA:183,4
DA:184,4
DA:185,4
DA:187,4
DA:188,1
DA:189,1
DA:192,3
DA:193,3
DA:195,4
DA:196,1
DA:199,3
DA:208,1
DA:209,1
DA:219,1
DA:221,1
DA:223,1
DA:224,1
DA:226,1
DA:238,1
DA:240,0
DA:242,0
DA:249,0
DA:251,0
DA:252,0
DA:256,0
DA:263,0
DA:264,0
DA:265,0
DA:268,0
DA:273,1
DA:274,1
DA:276,1
DA:287,1
DA:288,1
DA:290,1
DA:304,1
DA:307,1
DA:308,1
DA:310,1
DA:311,1
DA:313,1
LF:87
LH:70
BRDA:119,1,0,3
BRDA:119,1,1,0
BRDA:140,2,0,2
BRDA:140,2,1,0
BRDA:161,3,0,1
BRDA:161,3,1,0
BRDA:169,4,0,1
BRDA:169,4,1,0
BRDA:187,5,0,1
BRDA:187,5,1,3
BRDA:195,6,0,1
BRDA:195,6,1,3
BRDA:238,7,0,0
BRDA:238,7,1,1
BRDA:240,8,0,0
BRDA:240,8,1,0
BRDA:251,9,0,0
BRDA:251,9,1,0
BRDA:260,10,0,0
BRDA:260,10,1,1
BRDA:264,11,0,0
BRDA:264,11,1,0
BRF:22
BRH:10
end_of_record
TN:
SF:/home/turing/Desktop/num_complex_solidity/contracts/dependencies/prb-math/PRBMath.sol
FN:127,exp2
FN:344,mostSignificantBit
FN:394,mulDiv
FN:498,mulDivFixedPoint
FN:551,mulDivSigned
FN:599,sqrt
FNF:6
FNH:4
FNDA:2,exp2
FNDA:2,mostSignificantBit
FNDA:0,mulDiv
FNDA:9,mulDivFixedPoint
FNDA:0,mulDivSigned
FNDA:5,sqrt
DA:128,2
DA:130,2
DA:134,2
DA:135,0
DA:137,2
DA:138,2
DA:140,2
DA:141,1
DA:143,2
DA:144,2
DA:146,2
DA:147,0
DA:149,2
DA:150,0
DA:152,2
DA:153,1
DA:155,2
DA:156,1
DA:158,2
DA:159,0
DA:161,2
DA:162,2
DA:164,2
DA:165,1
DA:167,2
DA:168,1
DA:170,2
DA:171,1
DA:173,2
DA:174,1
DA:176,2
DA:177,0
DA:179,2
DA:180,1
DA:182,2
DA:183,1
DA:185,2
DA:186,2
DA:188,2
DA:189,2
DA:191,2
DA:192,1
DA:194,2
DA:195,0
DA:197,2
DA:198,1
DA:200,2
DA:201,1
DA:203,2
DA:204,1
DA:206,2
DA:207,0
DA:209,2
DA:210,1
DA:212,2
DA:213,1
DA:215,2
DA:216,1
DA:218,2
DA:219,1
DA:221,2
DA:222,1
DA:224,2
DA:225,2
DA:227,2
DA:228,1
DA:230,2
DA:231,1
DA:233,2
DA:234,0
DA:236,2
DA:237,2
DA:239,2
DA:240,2
DA:242,2
DA:243,1
DA:245,2
DA:246,1
DA:248,2
DA:249,0
DA:251,2
DA:252,0
DA:254,2
DA:255,0
DA:257,2
DA:258,1
DA:260,2
DA:261,2
DA:263,2
DA:264,0
DA:266,2
DA:267,2
DA:269,2
DA:270,2
DA:272,2
DA:273,2
DA:275,2
DA:276,1
DA:278,2
DA:279,1
DA:281,2
DA:282,1
DA:284,2
DA:285,2
DA:287,2
DA:288,0
DA:290,2
DA:291,1
DA:293,2
DA:294,0
DA:296,2
DA:297,0
DA:299,2
DA:300,2
DA:302,2
DA:303,1
DA:305,2
DA:306,2
DA:308,2
DA:309,1
DA:311,2
DA:312,2
DA:314,2
DA:315,1
DA:317,2
DA:318,2
DA:320,2
DA:321,2
DA:323,2
DA:324,1
DA:335,2
DA:336,2
DA:345,2
DA:346,0
DA:347,0
DA:349,2
DA:350,0
DA:351,0
DA:353,2
DA:354,0
DA:355,0
DA:357,2
DA:358,0
DA:359,0
DA:361,2
DA:362,0
DA:363,0
DA:365,2
DA:366,0
DA:367,0
DA:369,2
DA:370,0
DA:371,0
DA:373,2
DA:375,2
DA:402,0
DA:403,0
DA:404,0
DA:411,0
DA:412,0
DA:413,0
DA:415,0
DA:419,0
DA:420,0
DA:428,0
DA:429,0
DA:440,0
DA:442,0
DA:443,0
DA:455,0
DA:460,0
DA:464,0
DA:465,0
DA:466,0
DA:467,0
DA:468,0
DA:469,0
DA:475,0
DA:476,0
DA:499,9
DA:500,9
DA:501,9
DA:507,9
DA:508,0
DA:511,9
DA:512,9
DA:513,9
DA:518,9
DA:519,9
DA:520,9
DA:521,9
DA:525,0
DA:556,0
DA:557,0
DA:561,0
DA:562,0
DA:563,0
DA:564,0
DA:565,0
DA:566,0
DA:567,0
DA:571,0
DA:572,0
DA:573,0
DA:577,0
DA:578,0
DA:579,0
DA:580,0
DA:588,0
DA:600,5
DA:601,0
DA:605,5
DA:606,5
DA:607,5
DA:608,0
DA:609,0
DA:611,5
DA:612,5
DA:613,5
DA:615,5
DA:616,5
DA:617,5
DA:619,5
DA:620,5
DA:621,5
DA:623,5
DA:624,5
DA:625,5
DA:627,5
DA:628,0
DA:629,0
DA:631,5
DA:632,0
DA:636,5
DA:637,5
DA:638,5
DA:639,5
DA:640,5
DA:641,5
DA:642,5
DA:643,5
DA:644,5
DA:645,5
LF:243
LH:165
BRDA:134,1,0,0
BRDA:134,1,1,2
BRDA:137,2,0,2
BRDA:137,2,1,0
BRDA:140,3,0,1
BRDA:140,3,1,1
BRDA:143,4,0,2
BRDA:143,4,1,0
BRDA:146,5,0,0
BRDA:146,5,1,2
BRDA:149,6,0,0
BRDA:149,6,1,2
BRDA:152,7,0,1
BRDA:152,7,1,1
BRDA:155,8,0,1
BRDA:155,8,1,1
BRDA:158,9,0,0
BRDA:158,9,1,2
BRDA:161,10,0,2
BRDA:161,10,1,0
BRDA:164,11,0,1
BRDA:164,11,1,1
BRDA:167,12,0,1
BRDA:167,12,1,1
BRDA:170,13,0,1
BRDA:170,13,1,1
BRDA:173,14,0,1
BRDA:173,14,1,1
BRDA:176,15,0,0
BRDA:176,15,1,2
BRDA:179,16,0,1
BRDA:179,16,1,1
BRDA:182,17,0,1
BRDA:182,17,1,1
BRDA:185,18,0,2
BRDA:185,18,1,0
BRDA:188,19,0,2
BRDA:188,19,1,0
BRDA:191,20,0,1
BRDA:191,20,1,1
BRDA:194,21,0,0
BRDA:194,21,1,2
BRDA:197,22,0,1
BRDA:197,22,1,1
BRDA:200,23,0,1
BRDA:200,23,1,1
BRDA:203,24,0,1
BRDA:203,24,1,1
BRDA:206,25,0,0
BRDA:206,25,1,2
BRDA:209,26,0,1
BRDA:209,26,1,1
BRDA:212,27,0,1
BRDA:212,27,1,1
BRDA:215,28,0,1
BRDA:215,28,1,1
BRDA:218,29,0,1
BRDA:218,29,1,1
BRDA:221,30,0,1
BRDA:221,30,1,1
BRDA:224,31,0,2
BRDA:224,31,1,0
BRDA:227,32,0,1
BRDA:227,32,1,1
BRDA:230,33,0,1
BRDA:230,33,1,1
BRDA:233,34,0,0
BRDA:233,34,1,2
BRDA:236,35,0,2
BRDA:236,35,1,0
BRDA:239,36,0,2
BRDA:239,36,1,0
BRDA:242,37,0,1
BRDA:242,37,1,1
BRDA:245,38,0,1
BRDA:245,38,1,1
BRDA:248,39,0,0
BRDA:248,39,1,2
BRDA:251,40,0,0
BRDA:251,40,1,2
BRDA:254,41,0,0
BRDA:254,41,1,2
BRDA:257,42,0,1
BRDA:257,42,1,1
BRDA:260,43,0,2
BRDA:260,43,1,0
BRDA:263,44,0,0
BRDA:263,44,1,2
BRDA:266,45,0,2
BRDA:266,45,1,0
BRDA:269,46,0,2
BRDA:269,46,1,0
BRDA:272,47,0,2
BRDA:272,47,1,0
BRDA:275,48,0,1
BRDA:275,48,1,1
BRDA:278,49,0,1
BRDA:278,49,1,1
BRDA:281,50,0,1
BRDA:281,50,1,1
BRDA:284,51,0,2
BRDA:284,51,1,0
BRDA:287,52,0,0
BRDA:287,52,1,2
BRDA:290,53,0,1
BRDA:290,53,1,1
BRDA:293,54,0,0
BRDA:293,54,1,2
BRDA:296,55,0,0
BRDA:296,55,1,2
BRDA:299,56,0,2
BRDA:299,56,1,0
BRDA:302,57,0,1
BRDA:302,57,1,1
BRDA:305,58,0,2
BRDA:305,58,1,0
BRDA:308,59,0,1
BRDA:308,59,1,1
BRDA:311,60,0,2
BRDA:311,60,1,0
BRDA:314,61,0,1
BRDA:314,61,1,1
BRDA:317,62,0,2
BRDA:317,62,1,0
BRDA:320,63,0,2
BRDA:320,63,1,0
BRDA:323,64,0,1
BRDA:323,64,1,1
BRDA:345,65,0,0
BRDA:345,65,1,2
BRDA:349,66,0,0
BRDA:349,66,1,2
BRDA:353,67,0,0
BRDA:353,67,1,2
BRDA:357,68,0,0
BRDA:357,68,1,2
BRDA:361,69,0,0
BRDA:361,69,1,2
BRDA:365,70,0,0
BRDA:365,70,1,2
BRDA:369,71,0,0
BRDA:369,71,1,2
BRDA:373,72,0,2
BRDA:373,72,1,0
BRDA:411,73,0,0
BRDA:411,73,1,0
BRDA:419,74,0,0
BRDA:419,74,1,0
BRDA:507,75,0,0
BRDA:507,75,1,9
BRDA:518,76,0,9
BRDA:518,76,1,0
BRDA:556,77,0,0
BRDA:556,77,1,0
BRDA:572,78,0,0
BRDA:572,78,1,0
BRDA:600,79,0,0
BRDA:600,79,1,5
BRDA:607,80,0,0
BRDA:607,80,1,5
BRDA:611,81,0,5
BRDA:611,81,1,0
BRDA:615,82,0,5
BRDA:615,82,1,0
BRDA:619,83,0,5
BRDA:619,83,1,0
BRDA:623,84,0,5
BRDA:623,84,1,0
BRDA:627,85,0,0
BRDA:627,85,1,5
BRDA:631,86,0,0
BRDA:631,86,1,5
BRF:172
BRH:113
end_of_record
TN:
SF:/home/turing/Desktop/num_complex_solidity/contracts/dependencies/prb-math/PRBMathSD59x18.sol
FN:47,abs
FN:60,avg
FN:88,ceil
FN:122,div
FN:156,e
FN:174,exp
FN:205,exp2
FN:243,floor
FN:266,frac
FN:280,fromInt
FN:301,gm
FN:331,inv
FN:351,ln
FN:372,log10
FN:484,log2
FN:551,mul
FN:578,pi
FN:597,pow
FN:621,powu
FN:649,scale
FN:662,sqrt
FN:679,toInt
FNF:22
FNH:8
FNDA:5,abs
FNDA:0,avg
FNDA:0,ceil
FNDA:0,div
FNDA:0,e
FNDA:1,exp
FNDA:3,exp2
FNDA:0,floor
FNDA:0,frac
FNDA:0,fromInt
FNDA:0,gm
FNDA:0,inv
FNDA:1,ln
FNDA:0,log10
FNDA:2,log2
FNDA:9,mul
FNDA:0,pi
FNDA:1,pow
FNDA:0,powu
FNDA:0,scale
FNDA:5,sqrt
FNDA:0,toInt
DA:48,5
DA:49,5
DA:50,0
DA:52,5
DA:62,0
DA:63,0
DA:64,0
DA:67,0
DA:73,0
DA:89,0
DA:90,0
DA:92,0
DA:93,0
DA:94,0
DA:95,0
DA:98,0
DA:99,0
DA:100,0
DA:123,0
DA:124,0
DA:128,0
DA:129,0
DA:130,0
DA:131,0
DA:132,0
DA:136,0
DA:137,0
DA:138,0
DA:142,0
DA:143,0
DA:144,0
DA:151,0
DA:157,0
DA:176,1
DA:177,0
DA:181,1
DA:182,0
DA:186,1
DA:187,1
DA:188,1
DA:207,3
DA:209,1
DA:210,0
DA:214,1
DA:215,1
DA:219,2
DA:220,0
DA:223,2
DA:225,2
DA:228,2
DA:244,0
DA:245,0
DA:247,0
DA:248,0
DA:249,0
DA:250,0
DA:253,0
DA:254,0
DA:255,0
DA:267,0
DA:268,0
DA:281,0
DA:282,0
DA:283,0
DA:285,0
DA:286,0
DA:288,0
DA:302,0
DA:303,0
DA:306,0
DA:308,0
DA:309,0
DA:310,0
DA:314,0
DA:315,0
DA:320,0
DA:332,0
DA:334,0
DA:354,1
DA:355,1
DA:373,0
DA:374,0
DA:379,0
DA:463,0
DA:465,0
DA:466,0
DA:485,2
DA:486,0
DA:488,2
DA:490,2
DA:491,2
DA:492,2
DA:494,0
DA:496,0
DA:502,2
DA:506,2
DA:509,2
DA:512,2
DA:513,0
DA:518,2
DA:519,118
DA:522,118
DA:524,60
DA:527,60
DA:530,2
DA:552,9
DA:553,0
DA:556,9
DA:557,9
DA:558,9
DA:559,9
DA:560,9
DA:562,9
DA:563,9
DA:564,0
DA:567,9
DA:568,9
DA:569,9
DA:573,9
DA:579,0
DA:598,1
DA:599,0
DA:601,1
DA:622,0
DA:625,0
DA:628,0
DA:629,0
DA:630,0
DA:633,0
DA:634,0
DA:639,0
DA:640,0
DA:644,0
DA:645,0
DA:650,0
DA:663,5
DA:664,5
DA:665,0
DA:667,5
DA:668,0
DA:672,5
DA:680,0
DA:681,0
LF:143
LH:51
BRDA:49,1,0,0
BRDA:49,1,1,5
BRDA:64,2,0,0
BRDA:64,2,1,0
BRDA:89,3,0,0
BRDA:89,3,1,0
BRDA:94,4,0,0
BRDA:94,4,1,0
BRDA:99,5,0,0
BRDA:99,5,1,0
BRDA:123,6,0,0
BRDA:123,6,1,0
BRDA:137,7,0,0
BRDA:137,7,1,0
BRDA:176,8,0,0
BRDA:176,8,1,1
BRDA:181,9,0,0
BRDA:181,9,1,1
BRDA:207,10,0,1
BRDA:207,10,1,2
BRDA:209,11,0,0
BRDA:209,11,1,1
BRDA:219,12,0,0
BRDA:219,12,1,2
BRDA:244,13,0,0
BRDA:244,13,1,0
BRDA:249,14,0,0
BRDA:249,14,1,0
BRDA:254,15,0,0
BRDA:254,15,1,0
BRDA:282,16,0,0
BRDA:282,16,1,0
BRDA:285,17,0,0
BRDA:285,17,1,0
BRDA:302,18,0,0
BRDA:302,18,1,0
BRDA:309,19,0,0
BRDA:309,19,1,0
BRDA:314,20,0,0
BRDA:314,20,1,0
BRDA:373,21,0,0
BRDA:373,21,1,0
BRDA:463,22,0,0
BRDA:463,22,1,0
BRDA:485,23,0,0
BRDA:485,23,1,2
BRDA:491,24,0,2
BRDA:491,24,1,0
BRDA:512,25,0,0
BRDA:512,25,1,2
BRDA:522,26,0,60
BRDA:522,26,1,58
BRDA:552,27,0,0
BRDA:552,27,1,9
BRDA:563,28,0,0
BRDA:563,28,1,9
BRDA:598,29,0,0
BRDA:598,29,1,1
BRDA:633,30,0,0
BRDA:633,30,1,0
BRDA:639,31,0,0
BRDA:639,31,1,0
BRDA:664,32,0,0
BRDA:664,32,1,5
BRDA:667,33,0,0
BRDA:667,33,1,5
BRF:66
BRH:17
end_of_record
TN:
SF:/home/turing/Desktop/num_complex_solidity/contracts/Trigonometry.sol
FN:61,sin
FN:127,cos
FNF:2
FNH:2
FNDA:6,sin
FNDA:3,cos
DA:62,6
DA:65,6
DA:71,6
DA:72,6
DA:77,6
DA:78,6
DA:80,6
DA:81,3
DA:84,6
DA:88,6
DA:102,6
DA:104,6
DA:107,6
DA:108,6
DA:109,6
DA:110,3
DA:115,6
DA:128,3
DA:129,3
LF:19
LH:19
BRDA:80,1,0,3
BRDA:80,1,1,3
BRDA:109,2,0,3
BRDA:109,2,1,3
BRF:4
BRH:4
end_of_record
