TN:
SF:/home/szabo/Desktop/num_complex_solidity/contracts/Complex.sol
FN:29,add
FN:37,sub
FN:45,mul
FN:58,div
FN:71,r2
FN:80,toPolar
FN:97,fromPolar
FN:111,atan2
FN:133,p_atan2
FN:155,atan1to1
FN:161,complexLN
FN:173,complexSQRT
FN:218,complexEXP
FN:228,complexPOW
FNF:14
FNH:0
FNDA:0,add
FNDA:0,sub
FNDA:0,mul
FNDA:0,div
FNDA:0,r2
FNDA:0,toPolar
FNDA:0,fromPolar
FNDA:0,atan2
FNDA:0,p_atan2
FNDA:0,atan1to1
FNDA:0,complexLN
FNDA:0,complexSQRT
FNDA:0,complexEXP
FNDA:0,complexPOW
DA:30,0
DA:31,0
DA:33,0
DA:38,0
DA:39,0
DA:41,0
DA:46,0
DA:47,0
DA:48,0
DA:49,0
DA:51,0
DA:52,0
DA:54,0
DA:59,0
DA:60,0
DA:61,0
DA:63,0
DA:64,0
DA:66,0
DA:72,0
DA:73,0
DA:74,0
DA:81,0
DA:83,0
DA:85,0
DA:86,0
DA:90,0
DA:91,0
DA:99,0
DA:100,0
DA:101,0
DA:104,0
DA:106,0
DA:112,0
DA:113,0
DA:114,0
DA:116,0
DA:117,0
DA:118,0
DA:121,0
DA:122,0
DA:124,0
DA:125,0
DA:128,0
DA:134,0
DA:135,0
DA:136,0
DA:138,0
DA:139,0
DA:140,0
DA:143,0
DA:144,0
DA:146,0
DA:147,0
DA:150,0
DA:156,0
DA:157,0
DA:162,0
DA:164,0
DA:166,0
DA:167,0
DA:169,0
DA:175,0
DA:177,0
DA:179,0
DA:186,0
DA:188,0
DA:189,0
DA:193,0
DA:200,0
DA:201,0
DA:202,0
DA:205,0
DA:210,0
DA:211,0
DA:213,0
DA:219,0
DA:220,0
DA:222,0
DA:230,0
DA:233,0
DA:234,0
DA:236,0
DA:237,0
DA:239,0
LF:85
LH:0
BRDA:83,1,0,0
BRDA:83,1,1,0
BRDA:99,2,0,0
BRDA:99,2,1,0
BRDA:116,3,0,0
BRDA:116,3,1,0
BRDA:124,4,0,0
BRDA:124,4,1,0
BRDA:138,5,0,0
BRDA:138,5,1,0
BRDA:146,6,0,0
BRDA:146,6,1,0
BRDA:175,7,0,0
BRDA:175,7,1,0
BRDA:177,8,0,0
BRDA:177,8,1,0
BRDA:188,9,0,0
BRDA:188,9,1,0
BRDA:197,10,0,0
BRDA:197,10,1,0
BRDA:201,11,0,0
BRDA:201,11,1,0
BRF:22
BRH:0
end_of_record
TN:
SF:/home/szabo/Desktop/num_complex_solidity/contracts/dependencies/prb-math/PRBMath.sol
FN:127,exp2
FN:344,mostSignificantBit
FN:394,mulDiv
FN:498,mulDivFixedPoint
FN:551,mulDivSigned
FN:599,sqrt
FNF:6
FNH:0
FNDA:0,exp2
FNDA:0,mostSignificantBit
FNDA:0,mulDiv
FNDA:0,mulDivFixedPoint
FNDA:0,mulDivSigned
FNDA:0,sqrt
DA:128,0
DA:130,0
DA:134,0
DA:135,0
DA:137,0
DA:138,0
DA:140,0
DA:141,0
DA:143,0
DA:144,0
DA:146,0
DA:147,0
DA:149,0
DA:150,0
DA:152,0
DA:153,0
DA:155,0
DA:156,0
DA:158,0
DA:159,0
DA:161,0
DA:162,0
DA:164,0
DA:165,0
DA:167,0
DA:168,0
DA:170,0
DA:171,0
DA:173,0
DA:174,0
DA:176,0
DA:177,0
DA:179,0
DA:180,0
DA:182,0
DA:183,0
DA:185,0
DA:186,0
DA:188,0
DA:189,0
DA:191,0
DA:192,0
DA:194,0
DA:195,0
DA:197,0
DA:198,0
DA:200,0
DA:201,0
DA:203,0
DA:204,0
DA:206,0
DA:207,0
DA:209,0
DA:210,0
DA:212,0
DA:213,0
DA:215,0
DA:216,0
DA:218,0
DA:219,0
DA:221,0
DA:222,0
DA:224,0
DA:225,0
DA:227,0
DA:228,0
DA:230,0
DA:231,0
DA:233,0
DA:234,0
DA:236,0
DA:237,0
DA:239,0
DA:240,0
DA:242,0
DA:243,0
DA:245,0
DA:246,0
DA:248,0
DA:249,0
DA:251,0
DA:252,0
DA:254,0
DA:255,0
DA:257,0
DA:258,0
DA:260,0
DA:261,0
DA:263,0
DA:264,0
DA:266,0
DA:267,0
DA:269,0
DA:270,0
DA:272,0
DA:273,0
DA:275,0
DA:276,0
DA:278,0
DA:279,0
DA:281,0
DA:282,0
DA:284,0
DA:285,0
DA:287,0
DA:288,0
DA:290,0
DA:291,0
DA:293,0
DA:294,0
DA:296,0
DA:297,0
DA:299,0
DA:300,0
DA:302,0
DA:303,0
DA:305,0
DA:306,0
DA:308,0
DA:309,0
DA:311,0
DA:312,0
DA:314,0
DA:315,0
DA:317,0
DA:318,0
DA:320,0
DA:321,0
DA:323,0
DA:324,0
DA:335,0
DA:336,0
DA:345,0
DA:346,0
DA:347,0
DA:349,0
DA:350,0
DA:351,0
DA:353,0
DA:354,0
DA:355,0
DA:357,0
DA:358,0
DA:359,0
DA:361,0
DA:362,0
DA:363,0
DA:365,0
DA:366,0
DA:367,0
DA:369,0
DA:370,0
DA:371,0
DA:373,0
DA:375,0
DA:402,0
DA:403,0
DA:404,0
DA:411,0
DA:412,0
DA:413,0
DA:415,0
DA:419,0
DA:420,0
DA:428,0
DA:429,0
DA:440,0
DA:442,0
DA:443,0
DA:455,0
DA:460,0
DA:464,0
DA:465,0
DA:466,0
DA:467,0
DA:468,0
DA:469,0
DA:475,0
DA:476,0
DA:499,0
DA:500,0
DA:501,0
DA:507,0
DA:508,0
DA:511,0
DA:512,0
DA:513,0
DA:518,0
DA:519,0
DA:520,0
DA:521,0
DA:525,0
DA:556,0
DA:557,0
DA:561,0
DA:562,0
DA:563,0
DA:564,0
DA:565,0
DA:566,0
DA:567,0
DA:571,0
DA:572,0
DA:573,0
DA:577,0
DA:578,0
DA:579,0
DA:580,0
DA:588,0
DA:600,0
DA:601,0
DA:605,0
DA:606,0
DA:607,0
DA:608,0
DA:609,0
DA:611,0
DA:612,0
DA:613,0
DA:615,0
DA:616,0
DA:617,0
DA:619,0
DA:620,0
DA:621,0
DA:623,0
DA:624,0
DA:625,0
DA:627,0
DA:628,0
DA:629,0
DA:631,0
DA:632,0
DA:636,0
DA:637,0
DA:638,0
DA:639,0
DA:640,0
DA:641,0
DA:642,0
DA:643,0
DA:644,0
DA:645,0
LF:243
LH:0
BRDA:134,1,0,0
BRDA:134,1,1,0
BRDA:137,2,0,0
BRDA:137,2,1,0
BRDA:140,3,0,0
BRDA:140,3,1,0
BRDA:143,4,0,0
BRDA:143,4,1,0
BRDA:146,5,0,0
BRDA:146,5,1,0
BRDA:149,6,0,0
BRDA:149,6,1,0
BRDA:152,7,0,0
BRDA:152,7,1,0
BRDA:155,8,0,0
BRDA:155,8,1,0
BRDA:158,9,0,0
BRDA:158,9,1,0
BRDA:161,10,0,0
BRDA:161,10,1,0
BRDA:164,11,0,0
BRDA:164,11,1,0
BRDA:167,12,0,0
BRDA:167,12,1,0
BRDA:170,13,0,0
BRDA:170,13,1,0
BRDA:173,14,0,0
BRDA:173,14,1,0
BRDA:176,15,0,0
BRDA:176,15,1,0
BRDA:179,16,0,0
BRDA:179,16,1,0
BRDA:182,17,0,0
BRDA:182,17,1,0
BRDA:185,18,0,0
BRDA:185,18,1,0
BRDA:188,19,0,0
BRDA:188,19,1,0
BRDA:191,20,0,0
BRDA:191,20,1,0
BRDA:194,21,0,0
BRDA:194,21,1,0
BRDA:197,22,0,0
BRDA:197,22,1,0
BRDA:200,23,0,0
BRDA:200,23,1,0
BRDA:203,24,0,0
BRDA:203,24,1,0
BRDA:206,25,0,0
BRDA:206,25,1,0
BRDA:209,26,0,0
BRDA:209,26,1,0
BRDA:212,27,0,0
BRDA:212,27,1,0
BRDA:215,28,0,0
BRDA:215,28,1,0
BRDA:218,29,0,0
BRDA:218,29,1,0
BRDA:221,30,0,0
BRDA:221,30,1,0
BRDA:224,31,0,0
BRDA:224,31,1,0
BRDA:227,32,0,0
BRDA:227,32,1,0
BRDA:230,33,0,0
BRDA:230,33,1,0
BRDA:233,34,0,0
BRDA:233,34,1,0
BRDA:236,35,0,0
BRDA:236,35,1,0
BRDA:239,36,0,0
BRDA:239,36,1,0
BRDA:242,37,0,0
BRDA:242,37,1,0
BRDA:245,38,0,0
BRDA:245,38,1,0
BRDA:248,39,0,0
BRDA:248,39,1,0
BRDA:251,40,0,0
BRDA:251,40,1,0
BRDA:254,41,0,0
BRDA:254,41,1,0
BRDA:257,42,0,0
BRDA:257,42,1,0
BRDA:260,43,0,0
BRDA:260,43,1,0
BRDA:263,44,0,0
BRDA:263,44,1,0
BRDA:266,45,0,0
BRDA:266,45,1,0
BRDA:269,46,0,0
BRDA:269,46,1,0
BRDA:272,47,0,0
BRDA:272,47,1,0
BRDA:275,48,0,0
BRDA:275,48,1,0
BRDA:278,49,0,0
BRDA:278,49,1,0
BRDA:281,50,0,0
BRDA:281,50,1,0
BRDA:284,51,0,0
BRDA:284,51,1,0
BRDA:287,52,0,0
BRDA:287,52,1,0
BRDA:290,53,0,0
BRDA:290,53,1,0
BRDA:293,54,0,0
BRDA:293,54,1,0
BRDA:296,55,0,0
BRDA:296,55,1,0
BRDA:299,56,0,0
BRDA:299,56,1,0
BRDA:302,57,0,0
BRDA:302,57,1,0
BRDA:305,58,0,0
BRDA:305,58,1,0
BRDA:308,59,0,0
BRDA:308,59,1,0
BRDA:311,60,0,0
BRDA:311,60,1,0
BRDA:314,61,0,0
BRDA:314,61,1,0
BRDA:317,62,0,0
BRDA:317,62,1,0
BRDA:320,63,0,0
BRDA:320,63,1,0
BRDA:323,64,0,0
BRDA:323,64,1,0
BRDA:345,65,0,0
BRDA:345,65,1,0
BRDA:349,66,0,0
BRDA:349,66,1,0
BRDA:353,67,0,0
BRDA:353,67,1,0
BRDA:357,68,0,0
BRDA:357,68,1,0
BRDA:361,69,0,0
BRDA:361,69,1,0
BRDA:365,70,0,0
BRDA:365,70,1,0
BRDA:369,71,0,0
BRDA:369,71,1,0
BRDA:373,72,0,0
BRDA:373,72,1,0
BRDA:411,73,0,0
BRDA:411,73,1,0
BRDA:419,74,0,0
BRDA:419,74,1,0
BRDA:507,75,0,0
BRDA:507,75,1,0
BRDA:518,76,0,0
BRDA:518,76,1,0
BRDA:556,77,0,0
BRDA:556,77,1,0
BRDA:572,78,0,0
BRDA:572,78,1,0
BRDA:600,79,0,0
BRDA:600,79,1,0
BRDA:607,80,0,0
BRDA:607,80,1,0
BRDA:611,81,0,0
BRDA:611,81,1,0
BRDA:615,82,0,0
BRDA:615,82,1,0
BRDA:619,83,0,0
BRDA:619,83,1,0
BRDA:623,84,0,0
BRDA:623,84,1,0
BRDA:627,85,0,0
BRDA:627,85,1,0
BRDA:631,86,0,0
BRDA:631,86,1,0
BRF:172
BRH:0
end_of_record
TN:
SF:/home/szabo/Desktop/num_complex_solidity/contracts/dependencies/prb-math/PRBMathSD59x18.sol
FN:47,abs
FN:60,avg
FN:88,ceil
FN:122,div
FN:156,e
FN:174,exp
FN:205,exp2
FN:243,floor
FN:266,frac
FN:280,fromInt
FN:301,gm
FN:331,inv
FN:351,ln
FN:372,log10
FN:484,log2
FN:551,mul
FN:578,pi
FN:597,pow
FN:621,powu
FN:649,scale
FN:662,sqrt
FN:679,toInt
FNF:22
FNH:0
FNDA:0,abs
FNDA:0,avg
FNDA:0,ceil
FNDA:0,div
FNDA:0,e
FNDA:0,exp
FNDA:0,exp2
FNDA:0,floor
FNDA:0,frac
FNDA:0,fromInt
FNDA:0,gm
FNDA:0,inv
FNDA:0,ln
FNDA:0,log10
FNDA:0,log2
FNDA:0,mul
FNDA:0,pi
FNDA:0,pow
FNDA:0,powu
FNDA:0,scale
FNDA:0,sqrt
FNDA:0,toInt
DA:48,0
DA:49,0
DA:50,0
DA:52,0
DA:62,0
DA:63,0
DA:64,0
DA:67,0
DA:73,0
DA:89,0
DA:90,0
DA:92,0
DA:93,0
DA:94,0
DA:95,0
DA:98,0
DA:99,0
DA:100,0
DA:123,0
DA:124,0
DA:128,0
DA:129,0
DA:130,0
DA:131,0
DA:132,0
DA:136,0
DA:137,0
DA:138,0
DA:142,0
DA:143,0
DA:144,0
DA:151,0
DA:157,0
DA:176,0
DA:177,0
DA:181,0
DA:182,0
DA:186,0
DA:187,0
DA:188,0
DA:207,0
DA:209,0
DA:210,0
DA:214,0
DA:215,0
DA:219,0
DA:220,0
DA:223,0
DA:225,0
DA:228,0
DA:244,0
DA:245,0
DA:247,0
DA:248,0
DA:249,0
DA:250,0
DA:253,0
DA:254,0
DA:255,0
DA:267,0
DA:268,0
DA:281,0
DA:282,0
DA:283,0
DA:285,0
DA:286,0
DA:288,0
DA:302,0
DA:303,0
DA:306,0
DA:308,0
DA:309,0
DA:310,0
DA:314,0
DA:315,0
DA:320,0
DA:332,0
DA:334,0
DA:354,0
DA:355,0
DA:373,0
DA:374,0
DA:379,0
DA:463,0
DA:465,0
DA:466,0
DA:485,0
DA:486,0
DA:488,0
DA:490,0
DA:491,0
DA:492,0
DA:494,0
DA:496,0
DA:502,0
DA:506,0
DA:509,0
DA:512,0
DA:513,0
DA:518,0
DA:519,0
DA:522,0
DA:524,0
DA:527,0
DA:530,0
DA:552,0
DA:553,0
DA:556,0
DA:557,0
DA:558,0
DA:559,0
DA:560,0
DA:562,0
DA:563,0
DA:564,0
DA:567,0
DA:568,0
DA:569,0
DA:573,0
DA:579,0
DA:598,0
DA:599,0
DA:601,0
DA:622,0
DA:625,0
DA:628,0
DA:629,0
DA:630,0
DA:633,0
DA:634,0
DA:639,0
DA:640,0
DA:644,0
DA:645,0
DA:650,0
DA:663,0
DA:664,0
DA:665,0
DA:667,0
DA:668,0
DA:672,0
DA:680,0
DA:681,0
LF:143
LH:0
BRDA:49,1,0,0
BRDA:49,1,1,0
BRDA:64,2,0,0
BRDA:64,2,1,0
BRDA:89,3,0,0
BRDA:89,3,1,0
BRDA:94,4,0,0
BRDA:94,4,1,0
BRDA:99,5,0,0
BRDA:99,5,1,0
BRDA:123,6,0,0
BRDA:123,6,1,0
BRDA:137,7,0,0
BRDA:137,7,1,0
BRDA:176,8,0,0
BRDA:176,8,1,0
BRDA:181,9,0,0
BRDA:181,9,1,0
BRDA:207,10,0,0
BRDA:207,10,1,0
BRDA:209,11,0,0
BRDA:209,11,1,0
BRDA:219,12,0,0
BRDA:219,12,1,0
BRDA:244,13,0,0
BRDA:244,13,1,0
BRDA:249,14,0,0
BRDA:249,14,1,0
BRDA:254,15,0,0
BRDA:254,15,1,0
BRDA:282,16,0,0
BRDA:282,16,1,0
BRDA:285,17,0,0
BRDA:285,17,1,0
BRDA:302,18,0,0
BRDA:302,18,1,0
BRDA:309,19,0,0
BRDA:309,19,1,0
BRDA:314,20,0,0
BRDA:314,20,1,0
BRDA:373,21,0,0
BRDA:373,21,1,0
BRDA:463,22,0,0
BRDA:463,22,1,0
BRDA:485,23,0,0
BRDA:485,23,1,0
BRDA:491,24,0,0
BRDA:491,24,1,0
BRDA:512,25,0,0
BRDA:512,25,1,0
BRDA:522,26,0,0
BRDA:522,26,1,0
BRDA:552,27,0,0
BRDA:552,27,1,0
BRDA:563,28,0,0
BRDA:563,28,1,0
BRDA:598,29,0,0
BRDA:598,29,1,0
BRDA:633,30,0,0
BRDA:633,30,1,0
BRDA:639,31,0,0
BRDA:639,31,1,0
BRDA:664,32,0,0
BRDA:664,32,1,0
BRDA:667,33,0,0
BRDA:667,33,1,0
BRF:66
BRH:0
end_of_record
TN:
SF:/home/szabo/Desktop/num_complex_solidity/contracts/Trigonometry.sol
FN:61,sin
FN:127,cos
FNF:2
FNH:0
FNDA:0,sin
FNDA:0,cos
DA:62,0
DA:65,0
DA:71,0
DA:72,0
DA:77,0
DA:78,0
DA:80,0
DA:81,0
DA:84,0
DA:88,0
DA:102,0
DA:104,0
DA:107,0
DA:108,0
DA:109,0
DA:110,0
DA:115,0
DA:128,0
DA:129,0
LF:19
LH:0
BRDA:80,1,0,0
BRDA:80,1,1,0
BRDA:109,2,0,0
BRDA:109,2,1,0
BRF:4
BRH:0
end_of_record
